2016-05-27 11:09:56,844 USP.Utility.LogUtil.Exception(E:\Bak\USP\USP\Utility\LogUtil.cs:98) ERROR System Exception:ExecuteFunction 中的类型参数“UP_ShowPrivilegeTemplate_Result”与函数返回的类型“UspModel.UP_ShowPrivilegeTemplate_Result”不兼容。
   在 System.Data.Entity.Core.Common.Utils.MetadataHelper.CheckFunctionImportReturnType[TElement](EdmType expectedEdmType, MetadataWorkspace workspace)
   在 System.Data.Entity.Core.Common.Utils.MetadataHelper.GetAndCheckFunctionImportReturnType[TElement](EdmFunction functionImport, Int32 resultSetIndex, MetadataWorkspace workspace)
   在 System.Data.Entity.Core.Objects.ObjectContext.ExecuteFunction[TElement](String functionName, ExecutionOptions executionOptions, ObjectParameter[] parameters)
   在 System.Data.Entity.Core.Objects.ObjectContext.ExecuteFunction[TElement](String functionName, MergeOption mergeOption, ObjectParameter[] parameters)
   在 System.Data.Entity.Core.Objects.ObjectContext.ExecuteFunction[TElement](String functionName, ObjectParameter[] parameters)
   在 USP.Context.USPEntities.UP_ShowPrivilegeTemplate(Nullable`1 pageIndex, Nullable`1 pageSize, String whereStr, String strOrder, String strOrderType) 位置 E:\Bak\USP\USP\Context\Usp.Context.cs:行号 593
   在 USP.Dal.Impl.SysPrivilegeTemplateDal.GetPrivilegeTemplateGrid(Nullable`1 pageIndex, Nullable`1 pageSize, String corpType, String strOrder, String strOrderType) 位置 E:\Bak\USP\USP\Dal\USP\Impl\SysPrivilegeTemplateDal.cs:行号 81
2016-05-27 11:53:20,342 USP.Utility.LogUtil.Exception(E:\Bak\USP\USP\Utility\LogUtil.cs:106) ERROR System Exception:准备命令定义时出错。有关详细信息，请参阅内部异常。
   在 System.Data.Entity.Core.EntityClient.Internal.EntityCommandDefinition..ctor(DbProviderFactory storeProviderFactory, DbCommandTree commandTree, DbInterceptionContext interceptionContext, IDbDependencyResolver resolver, BridgeDataReaderFactory bridgeDataReaderFactory, ColumnMapFactory columnMapFactory)
   在 System.Data.Entity.Core.EntityClient.EntityCommand.CreateCommandDefinition()
   在 System.Data.Entity.Core.EntityClient.EntityCommand.TryGetEntityCommandDefinitionFromQueryCache(EntityCommandDefinition& entityCommandDefinition)
   在 System.Data.Entity.Core.EntityClient.EntityCommand.GetCommandDefinition()
   在 System.Data.Entity.Core.Objects.ObjectContext.CreateFunctionObjectResult[TElement](EntityCommand entityCommand, ReadOnlyCollection`1 entitySets, EdmType[] edmTypes, ExecutionOptions executionOptions)
   在 System.Data.Entity.Core.Objects.ObjectContext.<>c__DisplayClass47`1.<ExecuteFunction>b__46()
   在 System.Data.Entity.Core.Objects.ObjectContext.ExecuteInTransaction[T](Func`1 func, IDbExecutionStrategy executionStrategy, Boolean startLocalTransaction, Boolean releaseConnectionOnSuccess)
   在 System.Data.Entity.Core.Objects.ObjectContext.<>c__DisplayClass47`1.<ExecuteFunction>b__45()
   在 System.Data.Entity.SqlServer.DefaultSqlExecutionStrategy.Execute[TResult](Func`1 operation)
   在 System.Data.Entity.Core.Objects.ObjectContext.ExecuteFunction[TElement](String functionName, ExecutionOptions executionOptions, ObjectParameter[] parameters)
   在 USP.Context.USPEntities.UP_AddBank(Nullable`1 number, String name, String niceName, String shortName, String remark, String url, Nullable`1 creator, Nullable`1 type) 位置 E:\Bak\USP\USP\Context\Usp.Context.cs:行号 856
   在 USP.Dal.Impl.SysBankDal.SaveBank(String name, String niceName, Nullable`1 number, String remark, String shortName, String url, Int64 creator, Int32 type) 位置 E:\Bak\USP\USP\Dal\USP\Impl\SysBankDal.cs:行号 31
InnerException:无法执行 FunctionImport“USPEntities.UP_AddBank”，因为未将它映射到存储函数。
   在 System.Data.Entity.Core.EntityClient.Internal.EntityCommandDefinition.GetTargetFunctionMapping(DbFunctionCommandTree functionCommandTree)
   在 System.Data.Entity.Core.EntityClient.Internal.EntityCommandDefinition..ctor(DbProviderFactory storeProviderFactory, DbCommandTree commandTree, DbInterceptionContext interceptionContext, IDbDependencyResolver resolver, BridgeDataReaderFactory bridgeDataReaderFactory, ColumnMapFactory columnMapFactory)
2016-05-27 11:53:33,531 USP.Utility.LogUtil.Exception(E:\Bak\USP\USP\Utility\LogUtil.cs:106) ERROR System Exception:准备命令定义时出错。有关详细信息，请参阅内部异常。
   在 System.Data.Entity.Core.EntityClient.Internal.EntityCommandDefinition..ctor(DbProviderFactory storeProviderFactory, DbCommandTree commandTree, DbInterceptionContext interceptionContext, IDbDependencyResolver resolver, BridgeDataReaderFactory bridgeDataReaderFactory, ColumnMapFactory columnMapFactory)
   在 System.Data.Entity.Core.EntityClient.EntityCommand.CreateCommandDefinition()
   在 System.Data.Entity.Core.EntityClient.EntityCommand.TryGetEntityCommandDefinitionFromQueryCache(EntityCommandDefinition& entityCommandDefinition)
   在 System.Data.Entity.Core.EntityClient.EntityCommand.GetCommandDefinition()
   在 System.Data.Entity.Core.Objects.ObjectContext.CreateFunctionObjectResult[TElement](EntityCommand entityCommand, ReadOnlyCollection`1 entitySets, EdmType[] edmTypes, ExecutionOptions executionOptions)
   在 System.Data.Entity.Core.Objects.ObjectContext.<>c__DisplayClass47`1.<ExecuteFunction>b__46()
   在 System.Data.Entity.Core.Objects.ObjectContext.ExecuteInTransaction[T](Func`1 func, IDbExecutionStrategy executionStrategy, Boolean startLocalTransaction, Boolean releaseConnectionOnSuccess)
   在 System.Data.Entity.Core.Objects.ObjectContext.<>c__DisplayClass47`1.<ExecuteFunction>b__45()
   在 System.Data.Entity.SqlServer.DefaultSqlExecutionStrategy.Execute[TResult](Func`1 operation)
   在 System.Data.Entity.Core.Objects.ObjectContext.ExecuteFunction[TElement](String functionName, ExecutionOptions executionOptions, ObjectParameter[] parameters)
   在 USP.Context.USPEntities.UP_AddBank(Nullable`1 number, String name, String niceName, String shortName, String remark, String url, Nullable`1 creator, Nullable`1 type) 位置 E:\Bak\USP\USP\Context\Usp.Context.cs:行号 856
   在 USP.Dal.Impl.SysBankDal.SaveBank(String name, String niceName, Nullable`1 number, String remark, String shortName, String url, Int64 creator, Int32 type) 位置 E:\Bak\USP\USP\Dal\USP\Impl\SysBankDal.cs:行号 31
InnerException:无法执行 FunctionImport“USPEntities.UP_AddBank”，因为未将它映射到存储函数。
   在 System.Data.Entity.Core.EntityClient.Internal.EntityCommandDefinition.GetTargetFunctionMapping(DbFunctionCommandTree functionCommandTree)
   在 System.Data.Entity.Core.EntityClient.Internal.EntityCommandDefinition..ctor(DbProviderFactory storeProviderFactory, DbCommandTree commandTree, DbInterceptionContext interceptionContext, IDbDependencyResolver resolver, BridgeDataReaderFactory bridgeDataReaderFactory, ColumnMapFactory columnMapFactory)
2016-05-27 11:53:51,142 USP.Utility.LogUtil.Exception(E:\Bak\USP\USP\Utility\LogUtil.cs:106) ERROR System Exception:准备命令定义时出错。有关详细信息，请参阅内部异常。
   在 System.Data.Entity.Core.EntityClient.Internal.EntityCommandDefinition..ctor(DbProviderFactory storeProviderFactory, DbCommandTree commandTree, DbInterceptionContext interceptionContext, IDbDependencyResolver resolver, BridgeDataReaderFactory bridgeDataReaderFactory, ColumnMapFactory columnMapFactory)
   在 System.Data.Entity.Core.EntityClient.EntityCommand.CreateCommandDefinition()
   在 System.Data.Entity.Core.EntityClient.EntityCommand.TryGetEntityCommandDefinitionFromQueryCache(EntityCommandDefinition& entityCommandDefinition)
   在 System.Data.Entity.Core.EntityClient.EntityCommand.GetCommandDefinition()
   在 System.Data.Entity.Core.Objects.ObjectContext.CreateFunctionObjectResult[TElement](EntityCommand entityCommand, ReadOnlyCollection`1 entitySets, EdmType[] edmTypes, ExecutionOptions executionOptions)
   在 System.Data.Entity.Core.Objects.ObjectContext.<>c__DisplayClass47`1.<ExecuteFunction>b__46()
   在 System.Data.Entity.Core.Objects.ObjectContext.ExecuteInTransaction[T](Func`1 func, IDbExecutionStrategy executionStrategy, Boolean startLocalTransaction, Boolean releaseConnectionOnSuccess)
   在 System.Data.Entity.Core.Objects.ObjectContext.<>c__DisplayClass47`1.<ExecuteFunction>b__45()
   在 System.Data.Entity.SqlServer.DefaultSqlExecutionStrategy.Execute[TResult](Func`1 operation)
   在 System.Data.Entity.Core.Objects.ObjectContext.ExecuteFunction[TElement](String functionName, ExecutionOptions executionOptions, ObjectParameter[] parameters)
   在 USP.Context.USPEntities.UP_AddBank(Nullable`1 number, String name, String niceName, String shortName, String remark, String url, Nullable`1 creator, Nullable`1 type) 位置 E:\Bak\USP\USP\Context\Usp.Context.cs:行号 856
   在 USP.Dal.Impl.SysBankDal.SaveBank(String name, String niceName, Nullable`1 number, String remark, String shortName, String url, Int64 creator, Int32 type) 位置 E:\Bak\USP\USP\Dal\USP\Impl\SysBankDal.cs:行号 31
InnerException:无法执行 FunctionImport“USPEntities.UP_AddBank”，因为未将它映射到存储函数。
   在 System.Data.Entity.Core.EntityClient.Internal.EntityCommandDefinition.GetTargetFunctionMapping(DbFunctionCommandTree functionCommandTree)
   在 System.Data.Entity.Core.EntityClient.Internal.EntityCommandDefinition..ctor(DbProviderFactory storeProviderFactory, DbCommandTree commandTree, DbInterceptionContext interceptionContext, IDbDependencyResolver resolver, BridgeDataReaderFactory bridgeDataReaderFactory, ColumnMapFactory columnMapFactory)
2016-05-27 13:09:15,607 USP.Utility.LogUtil.Exception(E:\Bak\USP\USP\Utility\LogUtil.cs:98) ERROR System Exception:'SysRoleOperator' 附近有语法错误。
   在 System.Data.SqlClient.SqlConnection.OnError(SqlException exception, Boolean breakConnection, Action`1 wrapCloseInAction)
   在 System.Data.SqlClient.TdsParser.ThrowExceptionAndWarning(TdsParserStateObject stateObj, Boolean callerHasConnectionLock, Boolean asyncClose)
   在 System.Data.SqlClient.TdsParser.TryRun(RunBehavior runBehavior, SqlCommand cmdHandler, SqlDataReader dataStream, BulkCopySimpleResultSet bulkCopyHandler, TdsParserStateObject stateObj, Boolean& dataReady)
   在 System.Data.SqlClient.SqlDataReader.TryConsumeMetaData()
   在 System.Data.SqlClient.SqlDataReader.get_MetaData()
   在 System.Data.SqlClient.SqlCommand.FinishExecuteReader(SqlDataReader ds, RunBehavior runBehavior, String resetOptionsString)
   在 System.Data.SqlClient.SqlCommand.RunExecuteReaderTds(CommandBehavior cmdBehavior, RunBehavior runBehavior, Boolean returnStream, Boolean async, Int32 timeout, Task& task, Boolean asyncWrite, SqlDataReader ds, Boolean describeParameterEncryptionRequest)
   在 System.Data.SqlClient.SqlCommand.RunExecuteReader(CommandBehavior cmdBehavior, RunBehavior runBehavior, Boolean returnStream, String method, TaskCompletionSource`1 completion, Int32 timeout, Task& task, Boolean asyncWrite)
   在 System.Data.SqlClient.SqlCommand.RunExecuteReader(CommandBehavior cmdBehavior, RunBehavior runBehavior, Boolean returnStream, String method)
   在 System.Data.SqlClient.SqlCommand.ExecuteReader(CommandBehavior behavior, String method)
   在 System.Data.Entity.Infrastructure.Interception.InternalDispatcher`1.Dispatch[TTarget,TInterceptionContext,TResult](TTarget target, Func`3 operation, TInterceptionContext interceptionContext, Action`3 executing, Action`3 executed)
   在 System.Data.Entity.Infrastructure.Interception.DbCommandDispatcher.Reader(DbCommand command, DbCommandInterceptionContext interceptionContext)
   在 System.Data.Entity.Core.Objects.ObjectContext.ExecuteStoreQueryInternal[TElement](String commandText, String entitySetName, ExecutionOptions executionOptions, Object[] parameters)
   在 System.Data.Entity.Core.Objects.ObjectContext.<>c__DisplayClass65`1.<ExecuteStoreQueryReliably>b__64()
   在 System.Data.Entity.Core.Objects.ObjectContext.ExecuteInTransaction[T](Func`1 func, IDbExecutionStrategy executionStrategy, Boolean startLocalTransaction, Boolean releaseConnectionOnSuccess)
   在 System.Data.Entity.Core.Objects.ObjectContext.<>c__DisplayClass65`1.<ExecuteStoreQueryReliably>b__63()
   在 System.Data.Entity.SqlServer.DefaultSqlExecutionStrategy.Execute[TResult](Func`1 operation)
   在 System.Data.Entity.Core.Objects.ObjectContext.ExecuteStoreQueryReliably[TElement](String commandText, String entitySetName, ExecutionOptions executionOptions, Object[] parameters)
   在 System.Data.Entity.Core.Objects.ObjectContext.ExecuteStoreQuery[TElement](String commandText, ExecutionOptions executionOptions, Object[] parameters)
   在 System.Data.Entity.Internal.LazyEnumerator`1.MoveNext()
   在 System.Collections.Generic.List`1..ctor(IEnumerable`1 collection)
   在 System.Linq.Enumerable.ToList[TSource](IEnumerable`1 source)
   在 USP.Utility.SysPublicFun.GetPage[T](DbContext db, String strGetFields, String tbName, String strWhere, String strOrder, Int32 page, Int32 pageSize) 位置 E:\Bak\USP\USP\Utility\SysPublicFun.cs:行号 40
2016-05-27 13:35:52,973 USP.Utility.LogUtil.Exception(E:\Bak\USP\USP\Utility\LogUtil.cs:106) ERROR System Exception:准备命令定义时出错。有关详细信息，请参阅内部异常。
   在 System.Data.Entity.Core.EntityClient.Internal.EntityCommandDefinition..ctor(DbProviderFactory storeProviderFactory, DbCommandTree commandTree, DbInterceptionContext interceptionContext, IDbDependencyResolver resolver, BridgeDataReaderFactory bridgeDataReaderFactory, ColumnMapFactory columnMapFactory)
   在 System.Data.Entity.Core.EntityClient.EntityCommand.CreateCommandDefinition()
   在 System.Data.Entity.Core.EntityClient.EntityCommand.TryGetEntityCommandDefinitionFromQueryCache(EntityCommandDefinition& entityCommandDefinition)
   在 System.Data.Entity.Core.EntityClient.EntityCommand.GetCommandDefinition()
   在 System.Data.Entity.Core.Objects.ObjectContext.CreateFunctionObjectResult[TElement](EntityCommand entityCommand, ReadOnlyCollection`1 entitySets, EdmType[] edmTypes, ExecutionOptions executionOptions)
   在 System.Data.Entity.Core.Objects.ObjectContext.<>c__DisplayClass47`1.<ExecuteFunction>b__46()
   在 System.Data.Entity.Core.Objects.ObjectContext.ExecuteInTransaction[T](Func`1 func, IDbExecutionStrategy executionStrategy, Boolean startLocalTransaction, Boolean releaseConnectionOnSuccess)
   在 System.Data.Entity.Core.Objects.ObjectContext.<>c__DisplayClass47`1.<ExecuteFunction>b__45()
   在 System.Data.Entity.SqlServer.DefaultSqlExecutionStrategy.Execute[TResult](Func`1 operation)
   在 System.Data.Entity.Core.Objects.ObjectContext.ExecuteFunction[TElement](String functionName, ExecutionOptions executionOptions, ObjectParameter[] parameters)
   在 USP.Context.USPEntities.UP_EditOperator(Nullable`1 id, String loginName, String realName, Nullable`1 creator, String role) 位置 E:\Bak\USP\USP\Context\Usp.Context.cs:行号 1000
   在 USP.Dal.Impl.SysUserDal.EditOperator(Int64 iD, String loginName, String realName, String role, Int64 creator) 位置 E:\Bak\USP\USP\Dal\USP\Impl\SysUserDal.cs:行号 153
InnerException:无法执行 FunctionImport“USPEntities.UP_EditOperator”，因为未将它映射到存储函数。
   在 System.Data.Entity.Core.EntityClient.Internal.EntityCommandDefinition.GetTargetFunctionMapping(DbFunctionCommandTree functionCommandTree)
   在 System.Data.Entity.Core.EntityClient.Internal.EntityCommandDefinition..ctor(DbProviderFactory storeProviderFactory, DbCommandTree commandTree, DbInterceptionContext interceptionContext, IDbDependencyResolver resolver, BridgeDataReaderFactory bridgeDataReaderFactory, ColumnMapFactory columnMapFactory)
2016-05-27 13:35:54,920 USP.Utility.LogUtil.Exception(E:\Bak\USP\USP\Utility\LogUtil.cs:106) ERROR System Exception:准备命令定义时出错。有关详细信息，请参阅内部异常。
   在 System.Data.Entity.Core.EntityClient.Internal.EntityCommandDefinition..ctor(DbProviderFactory storeProviderFactory, DbCommandTree commandTree, DbInterceptionContext interceptionContext, IDbDependencyResolver resolver, BridgeDataReaderFactory bridgeDataReaderFactory, ColumnMapFactory columnMapFactory)
   在 System.Data.Entity.Core.EntityClient.EntityCommand.CreateCommandDefinition()
   在 System.Data.Entity.Core.EntityClient.EntityCommand.TryGetEntityCommandDefinitionFromQueryCache(EntityCommandDefinition& entityCommandDefinition)
   在 System.Data.Entity.Core.EntityClient.EntityCommand.GetCommandDefinition()
   在 System.Data.Entity.Core.Objects.ObjectContext.CreateFunctionObjectResult[TElement](EntityCommand entityCommand, ReadOnlyCollection`1 entitySets, EdmType[] edmTypes, ExecutionOptions executionOptions)
   在 System.Data.Entity.Core.Objects.ObjectContext.<>c__DisplayClass47`1.<ExecuteFunction>b__46()
   在 System.Data.Entity.Core.Objects.ObjectContext.ExecuteInTransaction[T](Func`1 func, IDbExecutionStrategy executionStrategy, Boolean startLocalTransaction, Boolean releaseConnectionOnSuccess)
   在 System.Data.Entity.Core.Objects.ObjectContext.<>c__DisplayClass47`1.<ExecuteFunction>b__45()
   在 System.Data.Entity.SqlServer.DefaultSqlExecutionStrategy.Execute[TResult](Func`1 operation)
   在 System.Data.Entity.Core.Objects.ObjectContext.ExecuteFunction[TElement](String functionName, ExecutionOptions executionOptions, ObjectParameter[] parameters)
   在 USP.Context.USPEntities.UP_EditOperator(Nullable`1 id, String loginName, String realName, Nullable`1 creator, String role) 位置 E:\Bak\USP\USP\Context\Usp.Context.cs:行号 1000
   在 USP.Dal.Impl.SysUserDal.EditOperator(Int64 iD, String loginName, String realName, String role, Int64 creator) 位置 E:\Bak\USP\USP\Dal\USP\Impl\SysUserDal.cs:行号 153
InnerException:无法执行 FunctionImport“USPEntities.UP_EditOperator”，因为未将它映射到存储函数。
   在 System.Data.Entity.Core.EntityClient.Internal.EntityCommandDefinition.GetTargetFunctionMapping(DbFunctionCommandTree functionCommandTree)
   在 System.Data.Entity.Core.EntityClient.Internal.EntityCommandDefinition..ctor(DbProviderFactory storeProviderFactory, DbCommandTree commandTree, DbInterceptionContext interceptionContext, IDbDependencyResolver resolver, BridgeDataReaderFactory bridgeDataReaderFactory, ColumnMapFactory columnMapFactory)
2016-05-27 13:36:03,582 USP.Utility.LogUtil.Exception(E:\Bak\USP\USP\Utility\LogUtil.cs:106) ERROR System Exception:准备命令定义时出错。有关详细信息，请参阅内部异常。
   在 System.Data.Entity.Core.EntityClient.Internal.EntityCommandDefinition..ctor(DbProviderFactory storeProviderFactory, DbCommandTree commandTree, DbInterceptionContext interceptionContext, IDbDependencyResolver resolver, BridgeDataReaderFactory bridgeDataReaderFactory, ColumnMapFactory columnMapFactory)
   在 System.Data.Entity.Core.EntityClient.EntityCommand.CreateCommandDefinition()
   在 System.Data.Entity.Core.EntityClient.EntityCommand.TryGetEntityCommandDefinitionFromQueryCache(EntityCommandDefinition& entityCommandDefinition)
   在 System.Data.Entity.Core.EntityClient.EntityCommand.GetCommandDefinition()
   在 System.Data.Entity.Core.Objects.ObjectContext.CreateFunctionObjectResult[TElement](EntityCommand entityCommand, ReadOnlyCollection`1 entitySets, EdmType[] edmTypes, ExecutionOptions executionOptions)
   在 System.Data.Entity.Core.Objects.ObjectContext.<>c__DisplayClass47`1.<ExecuteFunction>b__46()
   在 System.Data.Entity.Core.Objects.ObjectContext.ExecuteInTransaction[T](Func`1 func, IDbExecutionStrategy executionStrategy, Boolean startLocalTransaction, Boolean releaseConnectionOnSuccess)
   在 System.Data.Entity.Core.Objects.ObjectContext.<>c__DisplayClass47`1.<ExecuteFunction>b__45()
   在 System.Data.Entity.SqlServer.DefaultSqlExecutionStrategy.Execute[TResult](Func`1 operation)
   在 System.Data.Entity.Core.Objects.ObjectContext.ExecuteFunction[TElement](String functionName, ExecutionOptions executionOptions, ObjectParameter[] parameters)
   在 USP.Context.USPEntities.UP_EditOperator(Nullable`1 id, String loginName, String realName, Nullable`1 creator, String role) 位置 E:\Bak\USP\USP\Context\Usp.Context.cs:行号 1000
   在 USP.Dal.Impl.SysUserDal.EditOperator(Int64 iD, String loginName, String realName, String role, Int64 creator) 位置 E:\Bak\USP\USP\Dal\USP\Impl\SysUserDal.cs:行号 153
InnerException:无法执行 FunctionImport“USPEntities.UP_EditOperator”，因为未将它映射到存储函数。
   在 System.Data.Entity.Core.EntityClient.Internal.EntityCommandDefinition.GetTargetFunctionMapping(DbFunctionCommandTree functionCommandTree)
   在 System.Data.Entity.Core.EntityClient.Internal.EntityCommandDefinition..ctor(DbProviderFactory storeProviderFactory, DbCommandTree commandTree, DbInterceptionContext interceptionContext, IDbDependencyResolver resolver, BridgeDataReaderFactory bridgeDataReaderFactory, ColumnMapFactory columnMapFactory)
2016-05-27 13:36:05,396 USP.Utility.LogUtil.Exception(E:\Bak\USP\USP\Utility\LogUtil.cs:106) ERROR System Exception:准备命令定义时出错。有关详细信息，请参阅内部异常。
   在 System.Data.Entity.Core.EntityClient.Internal.EntityCommandDefinition..ctor(DbProviderFactory storeProviderFactory, DbCommandTree commandTree, DbInterceptionContext interceptionContext, IDbDependencyResolver resolver, BridgeDataReaderFactory bridgeDataReaderFactory, ColumnMapFactory columnMapFactory)
   在 System.Data.Entity.Core.EntityClient.EntityCommand.CreateCommandDefinition()
   在 System.Data.Entity.Core.EntityClient.EntityCommand.TryGetEntityCommandDefinitionFromQueryCache(EntityCommandDefinition& entityCommandDefinition)
   在 System.Data.Entity.Core.EntityClient.EntityCommand.GetCommandDefinition()
   在 System.Data.Entity.Core.Objects.ObjectContext.CreateFunctionObjectResult[TElement](EntityCommand entityCommand, ReadOnlyCollection`1 entitySets, EdmType[] edmTypes, ExecutionOptions executionOptions)
   在 System.Data.Entity.Core.Objects.ObjectContext.<>c__DisplayClass47`1.<ExecuteFunction>b__46()
   在 System.Data.Entity.Core.Objects.ObjectContext.ExecuteInTransaction[T](Func`1 func, IDbExecutionStrategy executionStrategy, Boolean startLocalTransaction, Boolean releaseConnectionOnSuccess)
   在 System.Data.Entity.Core.Objects.ObjectContext.<>c__DisplayClass47`1.<ExecuteFunction>b__45()
   在 System.Data.Entity.SqlServer.DefaultSqlExecutionStrategy.Execute[TResult](Func`1 operation)
   在 System.Data.Entity.Core.Objects.ObjectContext.ExecuteFunction[TElement](String functionName, ExecutionOptions executionOptions, ObjectParameter[] parameters)
   在 USP.Context.USPEntities.UP_EditOperator(Nullable`1 id, String loginName, String realName, Nullable`1 creator, String role) 位置 E:\Bak\USP\USP\Context\Usp.Context.cs:行号 1000
   在 USP.Dal.Impl.SysUserDal.EditOperator(Int64 iD, String loginName, String realName, String role, Int64 creator) 位置 E:\Bak\USP\USP\Dal\USP\Impl\SysUserDal.cs:行号 153
InnerException:无法执行 FunctionImport“USPEntities.UP_EditOperator”，因为未将它映射到存储函数。
   在 System.Data.Entity.Core.EntityClient.Internal.EntityCommandDefinition.GetTargetFunctionMapping(DbFunctionCommandTree functionCommandTree)
   在 System.Data.Entity.Core.EntityClient.Internal.EntityCommandDefinition..ctor(DbProviderFactory storeProviderFactory, DbCommandTree commandTree, DbInterceptionContext interceptionContext, IDbDependencyResolver resolver, BridgeDataReaderFactory bridgeDataReaderFactory, ColumnMapFactory columnMapFactory)
2016-05-27 13:36:07,277 USP.Utility.LogUtil.Exception(E:\Bak\USP\USP\Utility\LogUtil.cs:106) ERROR System Exception:准备命令定义时出错。有关详细信息，请参阅内部异常。
   在 System.Data.Entity.Core.EntityClient.Internal.EntityCommandDefinition..ctor(DbProviderFactory storeProviderFactory, DbCommandTree commandTree, DbInterceptionContext interceptionContext, IDbDependencyResolver resolver, BridgeDataReaderFactory bridgeDataReaderFactory, ColumnMapFactory columnMapFactory)
   在 System.Data.Entity.Core.EntityClient.EntityCommand.CreateCommandDefinition()
   在 System.Data.Entity.Core.EntityClient.EntityCommand.TryGetEntityCommandDefinitionFromQueryCache(EntityCommandDefinition& entityCommandDefinition)
   在 System.Data.Entity.Core.EntityClient.EntityCommand.GetCommandDefinition()
   在 System.Data.Entity.Core.Objects.ObjectContext.CreateFunctionObjectResult[TElement](EntityCommand entityCommand, ReadOnlyCollection`1 entitySets, EdmType[] edmTypes, ExecutionOptions executionOptions)
   在 System.Data.Entity.Core.Objects.ObjectContext.<>c__DisplayClass47`1.<ExecuteFunction>b__46()
   在 System.Data.Entity.Core.Objects.ObjectContext.ExecuteInTransaction[T](Func`1 func, IDbExecutionStrategy executionStrategy, Boolean startLocalTransaction, Boolean releaseConnectionOnSuccess)
   在 System.Data.Entity.Core.Objects.ObjectContext.<>c__DisplayClass47`1.<ExecuteFunction>b__45()
   在 System.Data.Entity.SqlServer.DefaultSqlExecutionStrategy.Execute[TResult](Func`1 operation)
   在 System.Data.Entity.Core.Objects.ObjectContext.ExecuteFunction[TElement](String functionName, ExecutionOptions executionOptions, ObjectParameter[] parameters)
   在 USP.Context.USPEntities.UP_EditOperator(Nullable`1 id, String loginName, String realName, Nullable`1 creator, String role) 位置 E:\Bak\USP\USP\Context\Usp.Context.cs:行号 1000
   在 USP.Dal.Impl.SysUserDal.EditOperator(Int64 iD, String loginName, String realName, String role, Int64 creator) 位置 E:\Bak\USP\USP\Dal\USP\Impl\SysUserDal.cs:行号 153
InnerException:无法执行 FunctionImport“USPEntities.UP_EditOperator”，因为未将它映射到存储函数。
   在 System.Data.Entity.Core.EntityClient.Internal.EntityCommandDefinition.GetTargetFunctionMapping(DbFunctionCommandTree functionCommandTree)
   在 System.Data.Entity.Core.EntityClient.Internal.EntityCommandDefinition..ctor(DbProviderFactory storeProviderFactory, DbCommandTree commandTree, DbInterceptionContext interceptionContext, IDbDependencyResolver resolver, BridgeDataReaderFactory bridgeDataReaderFactory, ColumnMapFactory columnMapFactory)
2016-05-27 13:36:12,760 USP.Utility.LogUtil.Exception(E:\Bak\USP\USP\Utility\LogUtil.cs:106) ERROR System Exception:准备命令定义时出错。有关详细信息，请参阅内部异常。
   在 System.Data.Entity.Core.EntityClient.Internal.EntityCommandDefinition..ctor(DbProviderFactory storeProviderFactory, DbCommandTree commandTree, DbInterceptionContext interceptionContext, IDbDependencyResolver resolver, BridgeDataReaderFactory bridgeDataReaderFactory, ColumnMapFactory columnMapFactory)
   在 System.Data.Entity.Core.EntityClient.EntityCommand.CreateCommandDefinition()
   在 System.Data.Entity.Core.EntityClient.EntityCommand.TryGetEntityCommandDefinitionFromQueryCache(EntityCommandDefinition& entityCommandDefinition)
   在 System.Data.Entity.Core.EntityClient.EntityCommand.GetCommandDefinition()
   在 System.Data.Entity.Core.Objects.ObjectContext.CreateFunctionObjectResult[TElement](EntityCommand entityCommand, ReadOnlyCollection`1 entitySets, EdmType[] edmTypes, ExecutionOptions executionOptions)
   在 System.Data.Entity.Core.Objects.ObjectContext.<>c__DisplayClass47`1.<ExecuteFunction>b__46()
   在 System.Data.Entity.Core.Objects.ObjectContext.ExecuteInTransaction[T](Func`1 func, IDbExecutionStrategy executionStrategy, Boolean startLocalTransaction, Boolean releaseConnectionOnSuccess)
   在 System.Data.Entity.Core.Objects.ObjectContext.<>c__DisplayClass47`1.<ExecuteFunction>b__45()
   在 System.Data.Entity.SqlServer.DefaultSqlExecutionStrategy.Execute[TResult](Func`1 operation)
   在 System.Data.Entity.Core.Objects.ObjectContext.ExecuteFunction[TElement](String functionName, ExecutionOptions executionOptions, ObjectParameter[] parameters)
   在 USP.Context.USPEntities.UP_EditOperator(Nullable`1 id, String loginName, String realName, Nullable`1 creator, String role) 位置 E:\Bak\USP\USP\Context\Usp.Context.cs:行号 1000
   在 USP.Dal.Impl.SysUserDal.EditOperator(Int64 iD, String loginName, String realName, String role, Int64 creator) 位置 E:\Bak\USP\USP\Dal\USP\Impl\SysUserDal.cs:行号 153
InnerException:无法执行 FunctionImport“USPEntities.UP_EditOperator”，因为未将它映射到存储函数。
   在 System.Data.Entity.Core.EntityClient.Internal.EntityCommandDefinition.GetTargetFunctionMapping(DbFunctionCommandTree functionCommandTree)
   在 System.Data.Entity.Core.EntityClient.Internal.EntityCommandDefinition..ctor(DbProviderFactory storeProviderFactory, DbCommandTree commandTree, DbInterceptionContext interceptionContext, IDbDependencyResolver resolver, BridgeDataReaderFactory bridgeDataReaderFactory, ColumnMapFactory columnMapFactory)
2016-05-27 13:36:54,211 USP.Utility.LogUtil.Exception(E:\Bak\USP\USP\Utility\LogUtil.cs:106) ERROR System Exception:准备命令定义时出错。有关详细信息，请参阅内部异常。
   在 System.Data.Entity.Core.EntityClient.Internal.EntityCommandDefinition..ctor(DbProviderFactory storeProviderFactory, DbCommandTree commandTree, DbInterceptionContext interceptionContext, IDbDependencyResolver resolver, BridgeDataReaderFactory bridgeDataReaderFactory, ColumnMapFactory columnMapFactory)
   在 System.Data.Entity.Core.EntityClient.EntityCommand.CreateCommandDefinition()
   在 System.Data.Entity.Core.EntityClient.EntityCommand.TryGetEntityCommandDefinitionFromQueryCache(EntityCommandDefinition& entityCommandDefinition)
   在 System.Data.Entity.Core.EntityClient.EntityCommand.GetCommandDefinition()
   在 System.Data.Entity.Core.Objects.ObjectContext.CreateFunctionObjectResult[TElement](EntityCommand entityCommand, ReadOnlyCollection`1 entitySets, EdmType[] edmTypes, ExecutionOptions executionOptions)
   在 System.Data.Entity.Core.Objects.ObjectContext.<>c__DisplayClass47`1.<ExecuteFunction>b__46()
   在 System.Data.Entity.Core.Objects.ObjectContext.ExecuteInTransaction[T](Func`1 func, IDbExecutionStrategy executionStrategy, Boolean startLocalTransaction, Boolean releaseConnectionOnSuccess)
   在 System.Data.Entity.Core.Objects.ObjectContext.<>c__DisplayClass47`1.<ExecuteFunction>b__45()
   在 System.Data.Entity.SqlServer.DefaultSqlExecutionStrategy.Execute[TResult](Func`1 operation)
   在 System.Data.Entity.Core.Objects.ObjectContext.ExecuteFunction[TElement](String functionName, ExecutionOptions executionOptions, ObjectParameter[] parameters)
   在 USP.Context.USPEntities.UP_EditOperator(Nullable`1 id, String loginName, String realName, Nullable`1 creator, String role) 位置 E:\Bak\USP\USP\Context\Usp.Context.cs:行号 1000
   在 USP.Dal.Impl.SysUserDal.EditOperator(Int64 iD, String loginName, String realName, String role, Int64 creator) 位置 E:\Bak\USP\USP\Dal\USP\Impl\SysUserDal.cs:行号 153
InnerException:无法执行 FunctionImport“USPEntities.UP_EditOperator”，因为未将它映射到存储函数。
   在 System.Data.Entity.Core.EntityClient.Internal.EntityCommandDefinition.GetTargetFunctionMapping(DbFunctionCommandTree functionCommandTree)
   在 System.Data.Entity.Core.EntityClient.Internal.EntityCommandDefinition..ctor(DbProviderFactory storeProviderFactory, DbCommandTree commandTree, DbInterceptionContext interceptionContext, IDbDependencyResolver resolver, BridgeDataReaderFactory bridgeDataReaderFactory, ColumnMapFactory columnMapFactory)
2016-05-27 13:47:16,097 USP.Utility.LogUtil.Exception(E:\Bak\USP\USP\Utility\LogUtil.cs:106) ERROR System Exception:准备命令定义时出错。有关详细信息，请参阅内部异常。
   在 System.Data.Entity.Core.EntityClient.Internal.EntityCommandDefinition..ctor(DbProviderFactory storeProviderFactory, DbCommandTree commandTree, DbInterceptionContext interceptionContext, IDbDependencyResolver resolver, BridgeDataReaderFactory bridgeDataReaderFactory, ColumnMapFactory columnMapFactory)
   在 System.Data.Entity.Core.EntityClient.EntityCommand.CreateCommandDefinition()
   在 System.Data.Entity.Core.EntityClient.EntityCommand.TryGetEntityCommandDefinitionFromQueryCache(EntityCommandDefinition& entityCommandDefinition)
   在 System.Data.Entity.Core.EntityClient.EntityCommand.GetCommandDefinition()
   在 System.Data.Entity.Core.Objects.ObjectContext.CreateFunctionObjectResult[TElement](EntityCommand entityCommand, ReadOnlyCollection`1 entitySets, EdmType[] edmTypes, ExecutionOptions executionOptions)
   在 System.Data.Entity.Core.Objects.ObjectContext.<>c__DisplayClass47`1.<ExecuteFunction>b__46()
   在 System.Data.Entity.Core.Objects.ObjectContext.ExecuteInTransaction[T](Func`1 func, IDbExecutionStrategy executionStrategy, Boolean startLocalTransaction, Boolean releaseConnectionOnSuccess)
   在 System.Data.Entity.Core.Objects.ObjectContext.<>c__DisplayClass47`1.<ExecuteFunction>b__45()
   在 System.Data.Entity.SqlServer.DefaultSqlExecutionStrategy.Execute[TResult](Func`1 operation)
   在 System.Data.Entity.Core.Objects.ObjectContext.ExecuteFunction[TElement](String functionName, ExecutionOptions executionOptions, ObjectParameter[] parameters)
   在 USP.Context.USPEntities.UP_EditOperator(Nullable`1 id, String loginName, String realName, Nullable`1 creator, String role) 位置 E:\Bak\USP\USP\Context\Usp.Context.cs:行号 1000
   在 USP.Dal.Impl.SysUserDal.EditOperator(Int64 iD, String loginName, String realName, String role, Int64 creator) 位置 E:\Bak\USP\USP\Dal\USP\Impl\SysUserDal.cs:行号 153
InnerException:无法执行 FunctionImport“USPEntities.UP_EditOperator”，因为未将它映射到存储函数。
   在 System.Data.Entity.Core.EntityClient.Internal.EntityCommandDefinition.GetTargetFunctionMapping(DbFunctionCommandTree functionCommandTree)
   在 System.Data.Entity.Core.EntityClient.Internal.EntityCommandDefinition..ctor(DbProviderFactory storeProviderFactory, DbCommandTree commandTree, DbInterceptionContext interceptionContext, IDbDependencyResolver resolver, BridgeDataReaderFactory bridgeDataReaderFactory, ColumnMapFactory columnMapFactory)
2016-05-27 15:00:09,333 USP.Utility.LogUtil.Exception(E:\Bak\USP\USP\Utility\LogUtil.cs:106) ERROR System Exception:执行命令定义时出错。有关详细信息，请参阅内部异常。
   在 System.Data.Entity.Core.EntityClient.Internal.EntityCommandDefinition.ExecuteStoreCommands(EntityCommand entityCommand, CommandBehavior behavior)
   在 System.Data.Entity.Core.Objects.ObjectContext.CreateFunctionObjectResult[TElement](EntityCommand entityCommand, ReadOnlyCollection`1 entitySets, EdmType[] edmTypes, ExecutionOptions executionOptions)
   在 System.Data.Entity.Core.Objects.ObjectContext.<>c__DisplayClass47`1.<ExecuteFunction>b__46()
   在 System.Data.Entity.Core.Objects.ObjectContext.ExecuteInTransaction[T](Func`1 func, IDbExecutionStrategy executionStrategy, Boolean startLocalTransaction, Boolean releaseConnectionOnSuccess)
   在 System.Data.Entity.Core.Objects.ObjectContext.<>c__DisplayClass47`1.<ExecuteFunction>b__45()
   在 System.Data.Entity.SqlServer.DefaultSqlExecutionStrategy.Execute[TResult](Func`1 operation)
   在 System.Data.Entity.Core.Objects.ObjectContext.ExecuteFunction[TElement](String functionName, ExecutionOptions executionOptions, ObjectParameter[] parameters)
   在 USP.Context.USPEntities.UP_EditOperator(Nullable`1 id, String loginName, String realName, Nullable`1 creator, String role) 位置 E:\Bak\USP\USP\Context\Usp.Context.cs:行号 987
   在 USP.Dal.Impl.SysUserDal.EditOperator(Int64 iD, String loginName, String realName, String role, Int64 creator) 位置 E:\Bak\USP\USP\Dal\USP\Impl\SysUserDal.cs:行号 153
InnerException:从数据类型 varchar 转换为 bigint 时出错。
   在 System.Data.SqlClient.SqlConnection.OnError(SqlException exception, Boolean breakConnection, Action`1 wrapCloseInAction)
   在 System.Data.SqlClient.TdsParser.ThrowExceptionAndWarning(TdsParserStateObject stateObj, Boolean callerHasConnectionLock, Boolean asyncClose)
   在 System.Data.SqlClient.TdsParser.TryRun(RunBehavior runBehavior, SqlCommand cmdHandler, SqlDataReader dataStream, BulkCopySimpleResultSet bulkCopyHandler, TdsParserStateObject stateObj, Boolean& dataReady)
   在 System.Data.SqlClient.SqlDataReader.TryConsumeMetaData()
   在 System.Data.SqlClient.SqlDataReader.get_MetaData()
   在 System.Data.SqlClient.SqlCommand.FinishExecuteReader(SqlDataReader ds, RunBehavior runBehavior, String resetOptionsString)
   在 System.Data.SqlClient.SqlCommand.RunExecuteReaderTds(CommandBehavior cmdBehavior, RunBehavior runBehavior, Boolean returnStream, Boolean async, Int32 timeout, Task& task, Boolean asyncWrite, SqlDataReader ds, Boolean describeParameterEncryptionRequest)
   在 System.Data.SqlClient.SqlCommand.RunExecuteReader(CommandBehavior cmdBehavior, RunBehavior runBehavior, Boolean returnStream, String method, TaskCompletionSource`1 completion, Int32 timeout, Task& task, Boolean asyncWrite)
   在 System.Data.SqlClient.SqlCommand.RunExecuteReader(CommandBehavior cmdBehavior, RunBehavior runBehavior, Boolean returnStream, String method)
   在 System.Data.SqlClient.SqlCommand.ExecuteReader(CommandBehavior behavior, String method)
   在 System.Data.Entity.Infrastructure.Interception.InternalDispatcher`1.Dispatch[TTarget,TInterceptionContext,TResult](TTarget target, Func`3 operation, TInterceptionContext interceptionContext, Action`3 executing, Action`3 executed)
   在 System.Data.Entity.Infrastructure.Interception.DbCommandDispatcher.Reader(DbCommand command, DbCommandInterceptionContext interceptionContext)
   在 System.Data.Entity.Core.EntityClient.Internal.EntityCommandDefinition.ExecuteStoreCommands(EntityCommand entityCommand, CommandBehavior behavior)
2016-05-27 15:07:46,047 USP.Utility.LogUtil.Exception(E:\Bak\USP\USP\Utility\LogUtil.cs:106) ERROR System Exception:执行命令定义时出错。有关详细信息，请参阅内部异常。
   在 System.Data.Entity.Core.EntityClient.Internal.EntityCommandDefinition.ExecuteStoreCommands(EntityCommand entityCommand, CommandBehavior behavior)
   在 System.Data.Entity.Core.Objects.ObjectContext.CreateFunctionObjectResult[TElement](EntityCommand entityCommand, ReadOnlyCollection`1 entitySets, EdmType[] edmTypes, ExecutionOptions executionOptions)
   在 System.Data.Entity.Core.Objects.ObjectContext.<>c__DisplayClass47`1.<ExecuteFunction>b__46()
   在 System.Data.Entity.Core.Objects.ObjectContext.ExecuteInTransaction[T](Func`1 func, IDbExecutionStrategy executionStrategy, Boolean startLocalTransaction, Boolean releaseConnectionOnSuccess)
   在 System.Data.Entity.Core.Objects.ObjectContext.<>c__DisplayClass47`1.<ExecuteFunction>b__45()
   在 System.Data.Entity.SqlServer.DefaultSqlExecutionStrategy.Execute[TResult](Func`1 operation)
   在 System.Data.Entity.Core.Objects.ObjectContext.ExecuteFunction[TElement](String functionName, ExecutionOptions executionOptions, ObjectParameter[] parameters)
   在 USP.Context.USPEntities.UP_EditOperator(Nullable`1 id, String loginName, String realName, Nullable`1 creator, String role) 位置 E:\Bak\USP\USP\Context\Usp.Context.cs:行号 987
   在 USP.Dal.Impl.SysUserDal.EditOperator(Int64 iD, String loginName, String realName, String role, Int64 creator) 位置 E:\Bak\USP\USP\Dal\USP\Impl\SysUserDal.cs:行号 153
InnerException:从数据类型 varchar 转换为 bigint 时出错。
   在 System.Data.SqlClient.SqlConnection.OnError(SqlException exception, Boolean breakConnection, Action`1 wrapCloseInAction)
   在 System.Data.SqlClient.TdsParser.ThrowExceptionAndWarning(TdsParserStateObject stateObj, Boolean callerHasConnectionLock, Boolean asyncClose)
   在 System.Data.SqlClient.TdsParser.TryRun(RunBehavior runBehavior, SqlCommand cmdHandler, SqlDataReader dataStream, BulkCopySimpleResultSet bulkCopyHandler, TdsParserStateObject stateObj, Boolean& dataReady)
   在 System.Data.SqlClient.SqlDataReader.TryConsumeMetaData()
   在 System.Data.SqlClient.SqlDataReader.get_MetaData()
   在 System.Data.SqlClient.SqlCommand.FinishExecuteReader(SqlDataReader ds, RunBehavior runBehavior, String resetOptionsString)
   在 System.Data.SqlClient.SqlCommand.RunExecuteReaderTds(CommandBehavior cmdBehavior, RunBehavior runBehavior, Boolean returnStream, Boolean async, Int32 timeout, Task& task, Boolean asyncWrite, SqlDataReader ds, Boolean describeParameterEncryptionRequest)
   在 System.Data.SqlClient.SqlCommand.RunExecuteReader(CommandBehavior cmdBehavior, RunBehavior runBehavior, Boolean returnStream, String method, TaskCompletionSource`1 completion, Int32 timeout, Task& task, Boolean asyncWrite)
   在 System.Data.SqlClient.SqlCommand.RunExecuteReader(CommandBehavior cmdBehavior, RunBehavior runBehavior, Boolean returnStream, String method)
   在 System.Data.SqlClient.SqlCommand.ExecuteReader(CommandBehavior behavior, String method)
   在 System.Data.Entity.Infrastructure.Interception.InternalDispatcher`1.Dispatch[TTarget,TInterceptionContext,TResult](TTarget target, Func`3 operation, TInterceptionContext interceptionContext, Action`3 executing, Action`3 executed)
   在 System.Data.Entity.Infrastructure.Interception.DbCommandDispatcher.Reader(DbCommand command, DbCommandInterceptionContext interceptionContext)
   在 System.Data.Entity.Core.EntityClient.Internal.EntityCommandDefinition.ExecuteStoreCommands(EntityCommand entityCommand, CommandBehavior behavior)
2016-05-27 15:41:56,825 USP.Utility.LogUtil.Exception(E:\Bak\USP\USP\Utility\LogUtil.cs:98) ERROR System Exception:从具体化“System.String”类型到可以为 null 的“System.Int64”类型的指定强制转换无效。
   在 System.Data.Entity.Core.Common.Internal.Materialization.Shaper.ErrorHandlingValueReader`1.GetValue(DbDataReader reader, Int32 ordinal)
   在 lambda_method(Closure , Shaper )
   在 System.Data.Entity.Core.Common.Internal.Materialization.Coordinator`1.ReadNextElement(Shaper shaper)
   在 System.Data.Entity.Core.Common.Internal.Materialization.Shaper`1.SimpleEnumerator.MoveNext()
   在 System.Linq.Enumerable.FirstOrDefault[TSource](IEnumerable`1 source)
   在 USP.Dal.Impl.SysUserDal.EditOperator(OperaterAddEdit model) 位置 E:\Bak\USP\USP\Dal\USP\Impl\SysUserDal.cs:行号 154
2016-05-27 16:33:41,620 USP.Utility.LogUtil.Exception(E:\Bak\USP\USP\Utility\LogUtil.cs:98) ERROR System Exception:对一个或多个实体的验证失败。有关详细信息，请参阅“EntityValidationErrors”属性。
   在 System.Data.Entity.Internal.InternalContext.SaveChanges()
   在 USP.Dal.Impl.SysPrivilegeDal.EditPrivilege(SysPrivilege model) 位置 E:\Bak\USP\USP\Dal\USP\Impl\SysPrivilegeDal.cs:行号 69
2016-05-27 16:33:46,869 USP.Utility.LogUtil.Exception(E:\Bak\USP\USP\Utility\LogUtil.cs:98) ERROR System Exception:对一个或多个实体的验证失败。有关详细信息，请参阅“EntityValidationErrors”属性。
   在 System.Data.Entity.Internal.InternalContext.SaveChanges()
   在 USP.Dal.Impl.SysPrivilegeDal.EditPrivilege(SysPrivilege model) 位置 E:\Bak\USP\USP\Dal\USP\Impl\SysPrivilegeDal.cs:行号 69
