2016-05-27 10:07:48,817 DEBUG USP.Controllers.HomeController
2016-05-27 10:07:49,793 DEBUG USP.Controllers.UserController
2016-05-27 10:07:57,283 DEBUG USP.Controllers.CaptchaController
2016-05-27 10:08:43,198 DEBUG USP.Controllers.UserController
2016-05-27 10:08:45,237 DEBUG USP.Controllers.HomeController
2016-05-27 10:08:46,012 DEBUG USP.Controllers.OEMController
2016-05-27 10:08:46,545 DEBUG USP.Controllers.OEMController
2016-05-27 10:08:46,576 DEBUG USP.Controllers.OEMController
2016-05-27 10:08:46,591 DEBUG USP.Controllers.OEMController
2016-05-27 10:08:46,623 DEBUG USP.Controllers.OEMController
2016-05-27 10:08:46,971 DEBUG USP.Controllers.OEMController
2016-05-27 10:08:49,566 DEBUG USP.Areas.System.Controllers.CorporationController
2016-05-27 10:08:53,606 DEBUG USP.Areas.System.Controllers.CorporationController
2016-05-27 10:08:54,339 DEBUG USP.Areas.System.Controllers.CorporationController
2016-05-27 10:08:57,668 DEBUG USP.Areas.System.Controllers.CorporationController
2016-05-27 10:08:59,062 DEBUG USP.Areas.System.Controllers.TestController
2016-05-27 10:08:59,613 DEBUG USP.Areas.System.Controllers.TestController
2016-05-27 10:08:59,629 DEBUG USP.Areas.System.Controllers.TestController
2016-05-27 10:09:00,132 DEBUG USP.Areas.System.Controllers.TestController
2016-05-27 10:09:46,785 DEBUG USP.Controllers.UserController
2016-05-27 10:09:56,862 DEBUG USP.Areas.System.Controllers.CorporationController
2016-05-27 10:16:51,354 DEBUG USP.Controllers.HomeController
2016-05-27 10:28:12,414 DEBUG USP.Controllers.HomeController
2016-05-27 10:28:12,500 DEBUG USP.Controllers.UserController
2016-05-27 10:28:18,108 DEBUG USP.Controllers.CaptchaController
2016-05-27 10:28:26,421 DEBUG USP.Controllers.UserController
2016-05-27 10:28:29,240 DEBUG USP.Controllers.HomeController
2016-05-27 10:28:29,906 DEBUG USP.Controllers.OEMController
2016-05-27 10:28:30,354 DEBUG USP.Controllers.OEMController
2016-05-27 10:28:30,372 DEBUG USP.Controllers.OEMController
2016-05-27 10:28:30,384 DEBUG USP.Controllers.OEMController
2016-05-27 10:28:30,401 DEBUG USP.Controllers.OEMController
2016-05-27 10:28:30,810 DEBUG USP.Controllers.OEMController
2016-05-27 10:28:32,052 DEBUG USP.Areas.System.Controllers.CorporationController
2016-05-27 10:28:35,332 DEBUG USP.Areas.System.Controllers.CorporationController
2016-05-27 10:28:36,257 DEBUG USP.Areas.System.Controllers.CorporationController
2016-05-27 10:28:39,961 DEBUG USP.Areas.System.Controllers.CorporationController
2016-05-27 10:29:30,514 DEBUG USP.Controllers.UserController
2016-05-27 10:31:25,757 DEBUG USP.Controllers.HomeController
2016-05-27 10:31:25,859 DEBUG USP.Controllers.UserController
2016-05-27 10:31:29,671 DEBUG USP.Controllers.CaptchaController
2016-05-27 10:35:02,627 DEBUG USP.Controllers.UserController
2016-05-27 10:35:03,374 DEBUG USP.Controllers.HomeController
2016-05-27 10:35:04,049 DEBUG USP.Controllers.OEMController
2016-05-27 10:35:04,873 DEBUG USP.Controllers.OEMController
2016-05-27 10:35:04,918 DEBUG USP.Controllers.OEMController
2016-05-27 10:35:04,936 DEBUG USP.Controllers.OEMController
2016-05-27 10:35:04,996 DEBUG USP.Controllers.OEMController
2016-05-27 10:35:05,011 DEBUG USP.Controllers.OEMController
2016-05-27 10:35:06,251 DEBUG USP.Areas.System.Controllers.CorporationController
2016-05-27 10:35:09,237 DEBUG USP.Areas.System.Controllers.CorporationController
2016-05-27 10:35:09,679 DEBUG USP.Areas.System.Controllers.CorporationController
2016-05-27 10:35:13,044 DEBUG USP.Areas.System.Controllers.CorporationController
2016-05-27 10:43:38,164 DEBUG USP.Controllers.HomeController
2016-05-27 10:43:38,285 DEBUG USP.Controllers.UserController
2016-05-27 10:43:41,592 DEBUG USP.Controllers.CaptchaController
2016-05-27 10:43:45,407 DEBUG USP.Controllers.UserController
2016-05-27 10:43:47,612 DEBUG USP.Controllers.HomeController
2016-05-27 10:43:48,279 DEBUG USP.Controllers.OEMController
2016-05-27 10:44:16,619 DEBUG USP.Controllers.OEMController
2016-05-27 10:44:16,697 DEBUG USP.Areas.System.Controllers.CorporationController
2016-05-27 10:44:19,040 DEBUG USP.Controllers.OEMController
2016-05-27 10:44:19,409 DEBUG USP.Controllers.OEMController
2016-05-27 10:44:19,979 DEBUG USP.Areas.System.Controllers.CorporationController
2016-05-27 10:44:20,858 DEBUG USP.Areas.System.Controllers.CorporationController
2016-05-27 10:44:21,451 DEBUG USP.Controllers.OEMController
2016-05-27 10:44:21,951 DEBUG USP.Controllers.OEMController
2016-05-27 10:44:24,886 DEBUG USP.Areas.System.Controllers.CorporationController
2016-05-27 10:44:49,018 DEBUG USP.Controllers.UserController
2016-05-27 10:44:55,971 DEBUG USP.Areas.System.Controllers.CorporationController
2016-05-27 10:52:47,060 DEBUG USP.Controllers.UserController
2016-05-27 10:52:47,565 DEBUG USP.Controllers.UserController
2016-05-27 10:53:17,034 DEBUG USP.Controllers.HomeController
2016-05-27 10:53:17,151 DEBUG USP.Controllers.UserController
2016-05-27 10:53:20,767 DEBUG USP.Controllers.CaptchaController
2016-05-27 10:53:25,182 DEBUG USP.Controllers.UserController
2016-05-27 10:53:25,878 DEBUG USP.Controllers.HomeController
2016-05-27 10:53:26,547 DEBUG USP.Controllers.OEMController
2016-05-27 10:53:27,061 DEBUG USP.Controllers.OEMController
2016-05-27 10:53:27,076 DEBUG USP.Controllers.OEMController
2016-05-27 10:53:27,121 DEBUG USP.Controllers.OEMController
2016-05-27 10:53:27,501 DEBUG USP.Controllers.OEMController
2016-05-27 10:53:27,579 DEBUG USP.Controllers.OEMController
2016-05-27 10:53:29,317 DEBUG USP.Areas.System.Controllers.CorporationController
2016-05-27 10:53:32,578 DEBUG USP.Areas.System.Controllers.CorporationController
2016-05-27 10:53:33,005 DEBUG USP.Areas.System.Controllers.CorporationController
2016-05-27 10:53:36,970 DEBUG USP.Areas.System.Controllers.CorporationController
2016-05-27 10:54:20,734 DEBUG USP.Areas.System.Controllers.CorporationController
2016-05-27 10:54:24,445 DEBUG USP.Areas.System.Controllers.CorporationController
2016-05-27 10:54:27,270 DEBUG USP.Controllers.UserController
2016-05-27 10:54:46,376 DEBUG USP.Areas.System.Controllers.CorporationController
2016-05-27 10:55:09,443 DEBUG USP.Areas.System.Controllers.CorporationController
2016-05-27 10:55:09,944 DEBUG USP.Areas.System.Controllers.CorporationController
2016-05-27 10:55:21,626 DEBUG USP.Areas.System.Controllers.CorporationController
2016-05-27 10:55:26,779 DEBUG USP.Areas.System.Controllers.CorporationController
2016-05-27 10:55:27,278 DEBUG USP.Controllers.UserController
2016-05-27 10:55:34,550 DEBUG USP.Areas.System.Controllers.CorporationController
2016-05-27 10:55:35,605 DEBUG USP.Areas.System.Controllers.TestController
2016-05-27 10:55:35,676 DEBUG USP.Areas.System.Controllers.TestController
2016-05-27 10:55:36,188 DEBUG USP.Areas.System.Controllers.TestController
2016-05-27 10:55:36,701 DEBUG USP.Areas.System.Controllers.TestController
2016-05-27 10:56:27,272 DEBUG USP.Controllers.UserController
2016-05-27 10:57:15,431 DEBUG USP.Areas.System.Controllers.TestController
2016-05-27 10:57:16,931 DEBUG USP.Areas.System.Controllers.TestController
2016-05-27 10:57:27,256 DEBUG USP.Controllers.UserController
2016-05-27 10:57:28,197 DEBUG USP.Areas.System.Controllers.TestController
2016-05-27 10:57:30,907 DEBUG USP.Areas.System.Controllers.TestController
2016-05-27 10:57:35,004 DEBUG USP.Areas.System.Controllers.TestController
2016-05-27 10:57:40,565 DEBUG USP.Areas.System.Controllers.CorporationController
2016-05-27 10:57:41,534 DEBUG USP.Areas.System.Controllers.TestController
2016-05-27 10:57:41,579 DEBUG USP.Areas.System.Controllers.TestController
2016-05-27 10:57:41,596 DEBUG USP.Areas.System.Controllers.TestController
2016-05-27 10:57:42,064 DEBUG USP.Areas.System.Controllers.TestController
2016-05-27 10:58:27,269 DEBUG USP.Controllers.UserController
2016-05-27 10:59:27,261 DEBUG USP.Controllers.UserController
2016-05-27 11:00:20,145 DEBUG USP.Areas.System.Controllers.CorporationController
2016-05-27 11:00:27,269 DEBUG USP.Controllers.UserController
2016-05-27 11:00:32,012 DEBUG USP.Areas.System.Controllers.CorporationController
2016-05-27 11:00:32,800 DEBUG USP.Areas.System.Controllers.CorporationController
2016-05-27 11:00:33,261 DEBUG USP.Areas.System.Controllers.CorporationController
2016-05-27 11:01:27,263 DEBUG USP.Controllers.UserController
2016-05-27 11:02:27,270 DEBUG USP.Controllers.UserController
2016-05-27 11:05:48,023 DEBUG USP.Controllers.HomeController
2016-05-27 11:05:48,133 DEBUG USP.Controllers.UserController
2016-05-27 11:05:51,415 DEBUG USP.Controllers.CaptchaController
2016-05-27 11:06:02,779 DEBUG USP.Controllers.UserController
2016-05-27 11:06:05,120 DEBUG USP.Controllers.HomeController
2016-05-27 11:06:05,731 DEBUG USP.Controllers.OEMController
2016-05-27 11:06:06,283 DEBUG USP.Controllers.OEMController
2016-05-27 11:06:06,664 DEBUG USP.Controllers.OEMController
2016-05-27 11:06:06,727 DEBUG USP.Controllers.OEMController
2016-05-27 11:06:06,770 DEBUG USP.Controllers.OEMController
2016-05-27 11:06:07,273 DEBUG USP.Controllers.OEMController
2016-05-27 11:06:08,149 DEBUG USP.Areas.System.Controllers.CorporationController
2016-05-27 11:06:11,940 DEBUG USP.Areas.System.Controllers.CorporationController
2016-05-27 11:06:12,930 DEBUG USP.Areas.System.Controllers.CorporationController
2016-05-27 11:06:16,496 DEBUG USP.Areas.System.Controllers.CorporationController
2016-05-27 11:06:26,123 DEBUG USP.Areas.System.Controllers.CorporationController
2016-05-27 11:07:06,419 DEBUG USP.Controllers.UserController
2016-05-27 11:08:06,425 DEBUG USP.Controllers.UserController
2016-05-27 11:08:34,152 DEBUG USP.Areas.System.Controllers.ChangePasswordController
2016-05-27 11:08:41,227 DEBUG USP.Areas.System.Controllers.ChangePasswordController
2016-05-27 11:08:41,674 DEBUG USP.Areas.System.Controllers.ChangePasswordController
2016-05-27 11:08:51,364 DEBUG USP.Areas.System.Controllers.ChangePasswordController
2016-05-27 11:08:51,392 DEBUG USP.Areas.System.Controllers.ChangePasswordController
2016-05-27 11:08:55,902 DEBUG USP.Areas.System.Controllers.SysLoginLogController
2016-05-27 11:08:57,086 DEBUG USP.Areas.System.Controllers.SysLoginLogController
2016-05-27 11:09:00,033 DEBUG USP.Areas.System.Controllers.SysOperatorController
2016-05-27 11:09:01,597 DEBUG USP.Areas.System.Controllers.TestController
2016-05-27 11:09:01,643 DEBUG USP.Areas.System.Controllers.TestController
2016-05-27 11:09:02,136 DEBUG USP.Areas.System.Controllers.TestController
2016-05-27 11:09:06,409 DEBUG USP.Controllers.UserController
2016-05-27 11:09:07,830 DEBUG USP.Areas.System.Controllers.TestController
2016-05-27 11:09:09,782 DEBUG USP.Areas.System.Controllers.TestController
2016-05-27 11:09:34,915 DEBUG USP.Areas.System.Controllers.MenuController
2016-05-27 11:09:36,400 DEBUG USP.Areas.System.Controllers.MenuController
2016-05-27 11:09:39,022 DEBUG USP.Areas.System.Controllers.MenuController
2016-05-27 11:09:39,629 DEBUG USP.Areas.System.Controllers.MenuController
2016-05-27 11:09:50,842 DEBUG USP.Areas.System.Controllers.PrivilegeController
2016-05-27 11:09:52,083 DEBUG USP.Areas.System.Controllers.PrivilegeController
2016-05-27 11:09:52,555 DEBUG USP.Areas.System.Controllers.PrivilegeController
2016-05-27 11:09:54,925 DEBUG USP.Areas.System.Controllers.PrivilegeTemplateController
2016-05-27 11:09:56,801 DEBUG USP.Areas.System.Controllers.PrivilegeTemplateController
2016-05-27 11:09:57,220 DEBUG USP.Areas.System.Controllers.PrivilegeTemplateController
2016-05-27 11:09:58,719 DEBUG USP.Areas.System.Controllers.SysMenuTemplateController
2016-05-27 11:09:59,926 DEBUG USP.Areas.System.Controllers.SysMenuTemplateController
2016-05-27 11:10:00,030 DEBUG USP.Areas.System.Controllers.SysMenuTemplateController
2016-05-27 11:10:00,096 DEBUG USP.Areas.System.Controllers.SysMenuTemplateController
2016-05-27 11:10:06,973 DEBUG USP.Controllers.UserController
2016-05-27 11:10:21,602 DEBUG USP.Areas.System.Controllers.CorporationController
2016-05-27 11:10:25,423 DEBUG USP.Areas.System.Controllers.CorporationController
2016-05-27 11:10:33,859 DEBUG USP.Areas.System.Controllers.CorporationController
2016-05-27 11:10:39,563 DEBUG USP.Areas.System.Controllers.CorporationController
2016-05-27 11:10:53,654 DEBUG USP.Areas.System.Controllers.CorporationController
2016-05-27 11:11:00,110 DEBUG USP.Areas.System.Controllers.CorporationController
2016-05-27 11:11:07,050 DEBUG USP.Controllers.UserController
2016-05-27 11:11:19,916 DEBUG USP.Areas.System.Controllers.CorporationController
2016-05-27 11:11:22,411 DEBUG USP.Areas.System.Controllers.CorporationController
2016-05-27 11:11:25,966 DEBUG USP.Areas.System.Controllers.CorporationController
2016-05-27 11:11:31,115 DEBUG USP.Areas.System.Controllers.CorporationController
2016-05-27 11:11:48,507 DEBUG USP.Areas.System.Controllers.CorporationController
2016-05-27 11:12:04,816 DEBUG USP.Areas.System.Controllers.TestController
2016-05-27 11:12:07,494 DEBUG USP.Controllers.UserController
2016-05-27 11:12:08,045 DEBUG USP.Areas.System.Controllers.TestController
2016-05-27 11:12:09,590 DEBUG USP.Areas.System.Controllers.TestController
2016-05-27 11:12:09,625 DEBUG USP.Areas.System.Controllers.TestController
2016-05-27 11:12:09,668 DEBUG USP.Areas.System.Controllers.TestController
2016-05-27 11:12:09,702 DEBUG USP.Areas.System.Controllers.TestController
2016-05-27 11:12:09,735 DEBUG USP.Areas.System.Controllers.TestController
2016-05-27 11:12:10,103 DEBUG USP.Areas.System.Controllers.TestController
2016-05-27 11:12:12,031 DEBUG USP.Areas.System.Controllers.TestController
2016-05-27 11:12:16,410 DEBUG USP.Areas.System.Controllers.TestController
2016-05-27 11:12:25,744 DEBUG USP.Areas.System.Controllers.TestController
2016-05-27 11:12:26,783 DEBUG USP.Areas.System.Controllers.TestController
2016-05-27 11:12:29,799 DEBUG USP.Areas.System.Controllers.TestController
2016-05-27 11:13:07,329 DEBUG USP.Controllers.UserController
2016-05-27 11:13:21,523 DEBUG USP.Areas.System.Controllers.PrivilegeController
2016-05-27 11:13:22,853 DEBUG USP.Areas.System.Controllers.PrivilegeController
2016-05-27 11:13:22,946 DEBUG USP.Areas.System.Controllers.PrivilegeController
2016-05-27 11:13:57,008 DEBUG USP.Areas.System.Controllers.SysCorpTypeController
2016-05-27 11:13:59,034 DEBUG USP.Areas.System.Controllers.SysCorpTypeController
2016-05-27 11:14:02,535 DEBUG USP.Areas.System.Controllers.RoleController
2016-05-27 11:14:04,564 DEBUG USP.Areas.System.Controllers.RoleController
2016-05-27 11:14:07,143 DEBUG USP.Controllers.UserController
2016-05-27 11:14:08,765 DEBUG USP.Areas.System.Controllers.RoleController
2016-05-27 11:14:10,236 DEBUG USP.Areas.System.Controllers.RoleController
2016-05-27 11:14:15,456 DEBUG USP.Areas.System.Controllers.OperatorController
2016-05-27 11:14:18,407 DEBUG USP.Areas.System.Controllers.OperatorController
2016-05-27 11:14:18,911 DEBUG USP.Areas.System.Controllers.OperatorController
2016-05-27 11:14:27,452 DEBUG USP.Areas.System.Controllers.BankController
2016-05-27 11:14:30,488 DEBUG USP.Areas.System.Controllers.BankController
2016-05-27 11:14:30,507 DEBUG USP.Areas.System.Controllers.BankController
2016-05-27 11:14:36,969 DEBUG USP.Areas.System.Controllers.OperatorController
2016-05-27 11:14:38,610 DEBUG USP.Areas.System.Controllers.OperatorController
2016-05-27 11:45:37,178 DEBUG USP.Controllers.HomeController
2016-05-27 11:45:37,178 DEBUG USP.Controllers.UserController
2016-05-27 11:45:37,345 DEBUG USP.Controllers.UserController
2016-05-27 11:45:41,481 DEBUG USP.Controllers.CaptchaController
2016-05-27 11:45:52,741 DEBUG USP.Controllers.UserController
2016-05-27 11:45:53,666 DEBUG USP.Controllers.HomeController
2016-05-27 11:45:54,711 DEBUG USP.Controllers.OEMController
2016-05-27 11:45:56,454 DEBUG USP.Controllers.OEMController
2016-05-27 11:45:56,507 DEBUG USP.Controllers.OEMController
2016-05-27 11:45:57,828 DEBUG USP.Areas.System.Controllers.CorporationController
2016-05-27 11:46:01,452 DEBUG USP.Areas.System.Controllers.CorporationController
2016-05-27 11:46:03,559 DEBUG USP.Areas.System.Controllers.CorporationController
2016-05-27 11:46:07,691 DEBUG USP.Areas.System.Controllers.OperatorController
2016-05-27 11:46:13,252 DEBUG USP.Areas.System.Controllers.OperatorController
2016-05-27 11:46:13,317 DEBUG USP.Areas.System.Controllers.OperatorController
2016-05-27 11:46:15,934 DEBUG USP.Areas.System.Controllers.OperatorController
2016-05-27 11:46:17,210 DEBUG USP.Areas.System.Controllers.OperatorController
2016-05-27 11:46:45,729 DEBUG USP.Areas.System.Controllers.OperatorController
2016-05-27 11:46:47,131 DEBUG USP.Areas.System.Controllers.OperatorController
2016-05-27 11:46:47,166 DEBUG USP.Areas.System.Controllers.OperatorController
2016-05-27 11:46:51,233 DEBUG USP.Areas.System.Controllers.OperatorController
2016-05-27 11:46:52,255 DEBUG USP.Areas.System.Controllers.OperatorController
2016-05-27 11:47:19,838 DEBUG USP.Controllers.UserController
2016-05-27 11:47:56,590 DEBUG USP.Controllers.UserController
2016-05-27 11:48:56,599 DEBUG USP.Controllers.UserController
2016-05-27 11:49:23,886 DEBUG USP.Controllers.HomeController
2016-05-27 11:49:24,153 DEBUG USP.Controllers.UserController
2016-05-27 11:49:28,349 DEBUG USP.Controllers.CaptchaController
2016-05-27 11:49:33,228 DEBUG USP.Controllers.UserController
2016-05-27 11:49:36,584 DEBUG USP.Controllers.HomeController
2016-05-27 11:49:38,138 DEBUG USP.Controllers.OEMController
2016-05-27 11:49:39,135 DEBUG USP.Controllers.OEMController
2016-05-27 11:49:39,246 DEBUG USP.Controllers.OEMController
2016-05-27 11:49:41,955 DEBUG USP.Areas.System.Controllers.OperatorController
2016-05-27 11:49:46,453 DEBUG USP.Areas.System.Controllers.OperatorController
2016-05-27 11:49:46,991 DEBUG USP.Areas.System.Controllers.OperatorController
2016-05-27 11:49:58,336 DEBUG USP.Areas.System.Controllers.OperatorController
2016-05-27 11:49:59,786 DEBUG USP.Areas.System.Controllers.OperatorController
2016-05-27 11:50:37,906 DEBUG USP.Areas.System.Controllers.OperatorController
2016-05-27 11:50:38,856 DEBUG USP.Controllers.UserController
2016-05-27 11:50:39,349 DEBUG USP.Areas.System.Controllers.OperatorController
2016-05-27 11:50:39,913 DEBUG USP.Areas.System.Controllers.OperatorController
2016-05-27 11:50:42,664 DEBUG USP.Areas.System.Controllers.OperatorController
2016-05-27 11:50:44,274 DEBUG USP.Areas.System.Controllers.OperatorController
2016-05-27 11:51:32,262 DEBUG USP.Areas.System.Controllers.BankController
2016-05-27 11:51:34,310 DEBUG USP.Areas.System.Controllers.BankController
2016-05-27 11:51:34,827 DEBUG USP.Areas.System.Controllers.BankController
2016-05-27 11:51:38,840 DEBUG USP.Controllers.UserController
2016-05-27 11:51:53,680 DEBUG USP.Areas.System.Controllers.RoleController
2016-05-27 11:51:55,553 DEBUG USP.Areas.System.Controllers.RoleController
2016-05-27 11:51:57,093 DEBUG USP.Areas.System.Controllers.RoleController
2016-05-27 11:51:58,251 DEBUG USP.Areas.System.Controllers.RoleController
2016-05-27 11:52:02,805 DEBUG USP.Areas.System.Controllers.RoleController
2016-05-27 11:52:08,874 DEBUG USP.Areas.System.Controllers.RoleController
2016-05-27 11:52:09,371 DEBUG USP.Areas.System.Controllers.RoleController
2016-05-27 11:52:10,575 DEBUG USP.Areas.System.Controllers.RoleController
2016-05-27 11:52:18,649 DEBUG USP.Areas.System.Controllers.OperatorController
2016-05-27 11:52:19,818 DEBUG USP.Areas.System.Controllers.OperatorController
2016-05-27 11:52:20,359 DEBUG USP.Areas.System.Controllers.OperatorController
2016-05-27 11:52:26,314 DEBUG USP.Areas.System.Controllers.OperatorController
2016-05-27 11:52:27,230 DEBUG USP.Areas.System.Controllers.OperatorController
2016-05-27 11:52:38,839 DEBUG USP.Controllers.UserController
2016-05-27 11:52:43,435 DEBUG USP.Areas.System.Controllers.SysCorpTypeController
2016-05-27 11:52:45,030 DEBUG USP.Areas.System.Controllers.SysCorpTypeController
2016-05-27 11:52:51,746 DEBUG USP.Areas.System.Controllers.BankController
2016-05-27 11:52:59,426 DEBUG USP.Areas.System.Controllers.BankController
2016-05-27 11:52:59,470 DEBUG USP.Controllers.ErrorController
2016-05-27 11:53:20,288 DEBUG USP.Areas.System.Controllers.BankController
2016-05-27 11:53:33,480 DEBUG USP.Areas.System.Controllers.BankController
2016-05-27 11:53:38,842 DEBUG USP.Controllers.UserController
2016-05-27 11:53:51,113 DEBUG USP.Areas.System.Controllers.BankController
2016-05-27 11:54:03,100 DEBUG USP.Areas.System.Controllers.CorporationController
2016-05-27 11:54:04,976 DEBUG USP.Areas.System.Controllers.CorporationController
2016-05-27 11:54:05,609 DEBUG USP.Areas.System.Controllers.CorporationController
2016-05-27 11:54:30,147 DEBUG USP.Areas.System.Controllers.CorporationController
2016-05-27 11:54:38,843 DEBUG USP.Controllers.UserController
2016-05-27 11:55:27,933 DEBUG USP.Areas.System.Controllers.BankController
2016-05-27 11:55:29,014 DEBUG USP.Areas.System.Controllers.BankController
2016-05-27 11:55:29,240 DEBUG USP.Areas.System.Controllers.BankController
2016-05-27 11:55:30,697 DEBUG USP.Areas.System.Controllers.OperatorController
2016-05-27 11:55:31,825 DEBUG USP.Areas.System.Controllers.OperatorController
2016-05-27 11:55:31,850 DEBUG USP.Areas.System.Controllers.OperatorController
2016-05-27 11:55:32,072 DEBUG USP.Areas.System.Controllers.RoleController
2016-05-27 11:55:33,464 DEBUG USP.Areas.System.Controllers.RoleController
2016-05-27 11:55:38,845 DEBUG USP.Controllers.UserController
2016-05-27 11:55:40,869 DEBUG USP.Areas.System.Controllers.SysCorpTypeController
2016-05-27 11:55:42,117 DEBUG USP.Areas.System.Controllers.SysCorpTypeController
2016-05-27 11:56:12,301 DEBUG USP.Areas.System.Controllers.CorporationController
2016-05-27 11:56:13,549 DEBUG USP.Areas.System.Controllers.CorporationController
2016-05-27 11:56:14,616 DEBUG USP.Areas.System.Controllers.CorporationController
2016-05-27 11:56:33,929 DEBUG USP.Areas.System.Controllers.ChangePasswordController
2016-05-27 11:56:38,847 DEBUG USP.Controllers.UserController
2016-05-27 11:56:47,445 DEBUG USP.Areas.System.Controllers.OperatorController
2016-05-27 11:56:47,582 DEBUG USP.Areas.System.Controllers.OperatorController
2016-05-27 11:56:52,249 DEBUG USP.Controllers.UserController
2016-05-27 11:56:52,266 DEBUG USP.Controllers.UserController
2016-05-27 11:56:53,468 DEBUG USP.Controllers.CaptchaController
2016-05-27 11:57:01,903 DEBUG USP.Controllers.UserController
2016-05-27 11:57:02,869 DEBUG USP.Controllers.CaptchaController
2016-05-27 11:57:15,924 DEBUG USP.Controllers.UserController
2016-05-27 11:57:16,054 DEBUG USP.Controllers.HomeController
2016-05-27 11:57:16,715 DEBUG USP.Controllers.OEMController
2016-05-27 11:57:17,522 DEBUG USP.Controllers.OEMController
2016-05-27 11:57:17,592 DEBUG USP.Controllers.OEMController
2016-05-27 11:57:19,744 DEBUG USP.Areas.System.Controllers.CorporationController
2016-05-27 11:57:20,998 DEBUG USP.Areas.System.Controllers.CorporationController
2016-05-27 11:57:21,522 DEBUG USP.Areas.System.Controllers.CorporationController
2016-05-27 11:57:28,148 DEBUG USP.Areas.System.Controllers.RoleController
2016-05-27 11:57:29,198 DEBUG USP.Areas.System.Controllers.RoleController
2016-05-27 11:57:38,195 DEBUG USP.Areas.System.Controllers.RoleController
2016-05-27 11:57:39,166 DEBUG USP.Areas.System.Controllers.RoleController
2016-05-27 11:57:46,679 DEBUG USP.Areas.System.Controllers.SysCorpTypeController
2016-05-27 11:57:47,702 DEBUG USP.Areas.System.Controllers.SysCorpTypeController
2016-05-27 11:57:48,976 DEBUG USP.Areas.System.Controllers.RoleController
2016-05-27 11:57:49,979 DEBUG USP.Areas.System.Controllers.RoleController
2016-05-27 11:57:52,037 DEBUG USP.Areas.System.Controllers.BankController
2016-05-27 11:57:53,169 DEBUG USP.Areas.System.Controllers.BankController
2016-05-27 11:57:53,690 DEBUG USP.Areas.System.Controllers.BankController
2016-05-27 11:57:55,237 DEBUG USP.Areas.System.Controllers.OperatorController
2016-05-27 11:57:56,398 DEBUG USP.Areas.System.Controllers.OperatorController
2016-05-27 11:57:56,428 DEBUG USP.Areas.System.Controllers.OperatorController
2016-05-27 11:58:05,877 DEBUG USP.Areas.System.Controllers.OperatorController
2016-05-27 11:58:06,806 DEBUG USP.Areas.System.Controllers.OperatorController
2016-05-27 11:58:17,743 DEBUG USP.Controllers.UserController
2016-05-27 11:59:17,740 DEBUG USP.Controllers.UserController
2016-05-27 11:59:42,400 DEBUG USP.Areas.System.Controllers.RoleController
2016-05-27 11:59:43,314 DEBUG USP.Areas.System.Controllers.RoleController
2016-05-27 11:59:48,591 DEBUG USP.Areas.System.Controllers.RoleController
2016-05-27 11:59:52,290 DEBUG USP.Areas.System.Controllers.RoleController
2016-05-27 11:59:55,653 DEBUG USP.Areas.System.Controllers.RoleController
2016-05-27 11:59:55,693 DEBUG USP.Areas.System.Controllers.RoleController
2016-05-27 11:59:56,703 DEBUG USP.Areas.System.Controllers.RoleController
2016-05-27 12:00:07,792 DEBUG USP.Controllers.UserController
2016-05-27 12:00:07,804 DEBUG USP.Controllers.UserController
2016-05-27 12:00:08,520 DEBUG USP.Controllers.CaptchaController
2016-05-27 12:00:20,112 DEBUG USP.Controllers.UserController
2016-05-27 12:00:20,746 DEBUG USP.Controllers.CaptchaController
2016-05-27 12:02:16,996 DEBUG USP.Controllers.UserController
2016-05-27 12:02:17,760 DEBUG USP.Controllers.CaptchaController
2016-05-27 12:02:24,461 DEBUG USP.Controllers.UserController
2016-05-27 12:02:25,071 DEBUG USP.Controllers.CaptchaController
2016-05-27 12:02:30,827 DEBUG USP.Controllers.UserController
2016-05-27 12:02:31,073 DEBUG USP.Controllers.HomeController
2016-05-27 12:02:31,712 DEBUG USP.Controllers.OEMController
2016-05-27 12:02:32,041 DEBUG USP.Controllers.OEMController
2016-05-27 12:02:32,090 DEBUG USP.Controllers.OEMController
2016-05-27 12:03:13,536 DEBUG USP.Controllers.UserController
2016-05-27 12:03:13,548 DEBUG USP.Controllers.UserController
2016-05-27 12:03:14,297 DEBUG USP.Controllers.CaptchaController
2016-05-27 12:03:52,968 DEBUG USP.Controllers.UserController
2016-05-27 12:03:53,772 DEBUG USP.Controllers.CaptchaController
2016-05-27 12:04:25,390 DEBUG USP.Controllers.UserController
2016-05-27 12:59:51,683 DEBUG USP.Controllers.UserController
2016-05-27 12:59:51,691 DEBUG USP.Controllers.HomeController
2016-05-27 12:59:51,703 DEBUG USP.Controllers.UserController
2016-05-27 12:59:52,264 DEBUG USP.Controllers.UserController
2016-05-27 12:59:52,545 DEBUG USP.Controllers.CaptchaController
2016-05-27 12:59:52,877 DEBUG USP.Controllers.UserController
2016-05-27 12:59:53,237 DEBUG USP.Controllers.HomeController
2016-05-27 12:59:53,737 DEBUG USP.Controllers.UserController
2016-05-27 12:59:54,251 DEBUG USP.Controllers.UserController
2016-05-27 13:00:05,117 DEBUG USP.Controllers.UserController
2016-05-27 13:00:05,605 DEBUG USP.Controllers.CaptchaController
2016-05-27 13:00:13,475 DEBUG USP.Controllers.UserController
2016-05-27 13:00:13,808 DEBUG USP.Controllers.HomeController
2016-05-27 13:00:14,166 DEBUG USP.Controllers.OEMController
2016-05-27 13:00:14,476 DEBUG USP.Controllers.OEMController
2016-05-27 13:00:18,682 DEBUG USP.Areas.System.Controllers.RoleController
2016-05-27 13:00:20,006 DEBUG USP.Areas.System.Controllers.RoleController
2016-05-27 13:01:10,396 DEBUG USP.Controllers.UserController
2016-05-27 13:01:10,411 DEBUG USP.Controllers.UserController
2016-05-27 13:01:11,025 DEBUG USP.Controllers.CaptchaController
2016-05-27 13:01:41,911 DEBUG USP.Controllers.UserController
2016-05-27 13:02:07,691 DEBUG USP.Controllers.CaptchaController
2016-05-27 13:02:58,270 DEBUG USP.Controllers.UserController
2016-05-27 13:02:58,434 DEBUG USP.Controllers.HomeController
2016-05-27 13:02:58,951 DEBUG USP.Controllers.OEMController
2016-05-27 13:02:59,183 DEBUG USP.Controllers.OEMController
2016-05-27 13:02:59,238 DEBUG USP.Controllers.OEMController
2016-05-27 13:03:59,237 DEBUG USP.Controllers.UserController
2016-05-27 13:04:01,746 DEBUG USP.Controllers.UserController
2016-05-27 13:04:01,762 DEBUG USP.Controllers.UserController
2016-05-27 13:04:02,316 DEBUG USP.Controllers.CaptchaController
2016-05-27 13:04:06,585 DEBUG USP.Controllers.UserController
2016-05-27 13:04:07,029 DEBUG USP.Controllers.CaptchaController
2016-05-27 13:04:11,160 DEBUG USP.Controllers.UserController
2016-05-27 13:04:11,309 DEBUG USP.Controllers.HomeController
2016-05-27 13:04:11,698 DEBUG USP.Controllers.OEMController
2016-05-27 13:04:11,832 DEBUG USP.Controllers.OEMController
2016-05-27 13:04:11,875 DEBUG USP.Controllers.OEMController
2016-05-27 13:04:13,196 DEBUG USP.Areas.System.Controllers.CorporationController
2016-05-27 13:04:13,863 DEBUG USP.Areas.System.Controllers.CorporationController
2016-05-27 13:04:14,451 DEBUG USP.Areas.System.Controllers.CorporationController
2016-05-27 13:04:26,314 DEBUG USP.Areas.System.Controllers.OperatorController
2016-05-27 13:04:26,894 DEBUG USP.Areas.System.Controllers.OperatorController
2016-05-27 13:04:26,915 DEBUG USP.Areas.System.Controllers.OperatorController
2016-05-27 13:05:11,944 DEBUG USP.Controllers.UserController
2016-05-27 13:05:47,932 DEBUG USP.Areas.System.Controllers.OperatorController
2016-05-27 13:06:12,611 DEBUG USP.Controllers.UserController
2016-05-27 13:07:12,612 DEBUG USP.Controllers.UserController
2016-05-27 13:08:12,613 DEBUG USP.Controllers.UserController
2016-05-27 13:08:57,786 DEBUG USP.Controllers.UserController
2016-05-27 13:08:57,976 DEBUG USP.Controllers.UserController
2016-05-27 13:09:01,237 DEBUG USP.Controllers.CaptchaController
2016-05-27 13:09:07,102 DEBUG USP.Controllers.UserController
2016-05-27 13:09:08,392 DEBUG USP.Controllers.HomeController
2016-05-27 13:09:09,133 DEBUG USP.Controllers.OEMController
2016-05-27 13:09:09,974 DEBUG USP.Controllers.OEMController
2016-05-27 13:09:10,489 DEBUG USP.Controllers.OEMController
2016-05-27 13:09:12,850 DEBUG USP.Areas.System.Controllers.OperatorController
2016-05-27 13:09:15,172 DEBUG USP.Areas.System.Controllers.OperatorController
2016-05-27 13:09:15,778 DEBUG USP.Areas.System.Controllers.OperatorController
2016-05-27 13:10:09,486 DEBUG USP.Controllers.UserController
2016-05-27 13:10:59,760 DEBUG USP.Controllers.UserController
2016-05-27 13:11:00,172 DEBUG USP.Controllers.UserController
2016-05-27 13:11:04,467 DEBUG USP.Controllers.CaptchaController
2016-05-27 13:11:10,075 DEBUG USP.Controllers.UserController
2016-05-27 13:11:14,644 DEBUG USP.Controllers.HomeController
2016-05-27 13:11:15,924 DEBUG USP.Controllers.OEMController
2016-05-27 13:11:16,865 DEBUG USP.Controllers.OEMController
2016-05-27 13:11:17,242 DEBUG USP.Controllers.OEMController
2016-05-27 13:11:19,901 DEBUG USP.Areas.System.Controllers.OperatorController
2016-05-27 13:11:22,448 DEBUG USP.Areas.System.Controllers.OperatorController
2016-05-27 13:11:23,042 DEBUG USP.Areas.System.Controllers.OperatorController
2016-05-27 13:11:31,660 DEBUG USP.Areas.System.Controllers.OperatorController
2016-05-27 13:11:32,289 DEBUG USP.Areas.System.Controllers.OperatorController
2016-05-27 13:13:42,870 DEBUG USP.Controllers.UserController
2016-05-27 13:13:43,388 DEBUG USP.Controllers.UserController
2016-05-27 13:13:43,895 DEBUG USP.Areas.System.Controllers.OperatorController
2016-05-27 13:14:16,225 DEBUG USP.Controllers.UserController
2016-05-27 13:15:16,228 DEBUG USP.Controllers.UserController
2016-05-27 13:16:16,230 DEBUG USP.Controllers.UserController
2016-05-27 13:17:16,233 DEBUG USP.Controllers.UserController
2016-05-27 13:18:16,241 DEBUG USP.Controllers.UserController
2016-05-27 13:19:16,265 DEBUG USP.Controllers.UserController
2016-05-27 13:20:16,238 DEBUG USP.Controllers.UserController
2016-05-27 13:21:16,240 DEBUG USP.Controllers.UserController
2016-05-27 13:22:24,038 DEBUG USP.Controllers.UserController
2016-05-27 13:23:16,242 DEBUG USP.Controllers.UserController
2016-05-27 13:24:16,260 DEBUG USP.Controllers.UserController
2016-05-27 13:25:16,246 DEBUG USP.Controllers.UserController
2016-05-27 13:26:16,250 DEBUG USP.Controllers.UserController
2016-05-27 13:27:16,252 DEBUG USP.Controllers.UserController
2016-05-27 13:28:16,253 DEBUG USP.Controllers.UserController
2016-05-27 13:29:16,256 DEBUG USP.Controllers.UserController
2016-05-27 13:30:16,259 DEBUG USP.Controllers.UserController
2016-05-27 13:31:16,262 DEBUG USP.Controllers.UserController
2016-05-27 13:32:12,312 DEBUG USP.Controllers.UserController
2016-05-27 13:32:12,313 DEBUG USP.Controllers.UserController
2016-05-27 13:32:12,621 DEBUG USP.Controllers.UserController
2016-05-27 13:32:16,533 DEBUG USP.Controllers.CaptchaController
2016-05-27 13:32:22,131 DEBUG USP.Controllers.UserController
2016-05-27 13:32:26,044 DEBUG USP.Controllers.HomeController
2016-05-27 13:32:27,305 DEBUG USP.Controllers.OEMController
2016-05-27 13:32:28,164 DEBUG USP.Controllers.OEMController
2016-05-27 13:32:28,683 DEBUG USP.Controllers.OEMController
2016-05-27 13:32:29,506 DEBUG USP.Areas.System.Controllers.CorporationController
2016-05-27 13:32:33,938 DEBUG USP.Areas.System.Controllers.CorporationController
2016-05-27 13:32:34,484 DEBUG USP.Areas.System.Controllers.CorporationController
2016-05-27 13:32:34,733 DEBUG USP.Areas.System.Controllers.OperatorController
2016-05-27 13:32:37,122 DEBUG USP.Areas.System.Controllers.OperatorController
2016-05-27 13:32:38,263 DEBUG USP.Areas.System.Controllers.OperatorController
2016-05-27 13:32:44,561 DEBUG USP.Areas.System.Controllers.OperatorController
2016-05-27 13:32:45,161 DEBUG USP.Areas.System.Controllers.OperatorController
2016-05-27 13:32:50,372 DEBUG USP.Areas.System.Controllers.OperatorController
2016-05-27 13:32:51,005 DEBUG USP.Areas.System.Controllers.OperatorController
2016-05-27 13:32:51,029 DEBUG USP.Areas.System.Controllers.OperatorController
2016-05-27 13:33:41,272 DEBUG USP.Controllers.UserController
2016-05-27 13:33:41,273 DEBUG USP.Controllers.UserController
2016-05-27 13:33:48,325 DEBUG USP.Controllers.UserController
2016-05-27 13:33:49,325 DEBUG USP.Controllers.UserController
2016-05-27 13:33:49,406 DEBUG USP.Controllers.UserController
2016-05-27 13:33:53,099 DEBUG USP.Controllers.CaptchaController
2016-05-27 13:33:56,503 DEBUG USP.Controllers.UserController
2016-05-27 13:33:59,999 DEBUG USP.Controllers.HomeController
2016-05-27 13:34:00,958 DEBUG USP.Controllers.OEMController
2016-05-27 13:34:01,827 DEBUG USP.Controllers.OEMController
2016-05-27 13:34:01,843 DEBUG USP.Controllers.OEMController
2016-05-27 13:34:06,241 DEBUG USP.Areas.System.Controllers.OperatorController
2016-05-27 13:34:08,171 DEBUG USP.Areas.System.Controllers.OperatorController
2016-05-27 13:34:08,851 DEBUG USP.Areas.System.Controllers.OperatorController
2016-05-27 13:35:09,455 DEBUG USP.Controllers.UserController
2016-05-27 13:35:09,455 DEBUG USP.Controllers.UserController
2016-05-27 13:35:09,649 DEBUG USP.Controllers.UserController
2016-05-27 13:35:13,061 DEBUG USP.Controllers.CaptchaController
2016-05-27 13:35:17,556 DEBUG USP.Controllers.UserController
2016-05-27 13:35:18,890 DEBUG USP.Controllers.HomeController
2016-05-27 13:35:19,736 DEBUG USP.Controllers.OEMController
2016-05-27 13:35:20,561 DEBUG USP.Controllers.OEMController
2016-05-27 13:35:25,231 DEBUG USP.Areas.System.Controllers.OperatorController
2016-05-27 13:35:26,921 DEBUG USP.Areas.System.Controllers.OperatorController
2016-05-27 13:35:27,444 DEBUG USP.Areas.System.Controllers.OperatorController
2016-05-27 13:35:33,864 DEBUG USP.Areas.System.Controllers.OperatorController
2016-05-27 13:35:34,391 DEBUG USP.Areas.System.Controllers.OperatorController
2016-05-27 13:35:38,301 DEBUG USP.Areas.System.Controllers.OperatorController
2016-05-27 13:35:38,841 DEBUG USP.Areas.System.Controllers.OperatorController
2016-05-27 13:35:38,871 DEBUG USP.Areas.System.Controllers.OperatorController
2016-05-27 13:35:43,558 DEBUG USP.Areas.System.Controllers.OperatorController
2016-05-27 13:35:44,023 DEBUG USP.Areas.System.Controllers.OperatorController
2016-05-27 13:35:52,512 DEBUG USP.Areas.System.Controllers.OperatorController
2016-05-27 13:35:53,414 DEBUG USP.Areas.System.Controllers.OperatorController
2016-05-27 13:35:54,915 DEBUG USP.Areas.System.Controllers.OperatorController
2016-05-27 13:35:55,344 DEBUG USP.Areas.System.Controllers.OperatorController
2016-05-27 13:36:03,577 DEBUG USP.Areas.System.Controllers.OperatorController
2016-05-27 13:36:04,036 DEBUG USP.Areas.System.Controllers.OperatorController
2016-05-27 13:36:05,391 DEBUG USP.Areas.System.Controllers.OperatorController
2016-05-27 13:36:05,821 DEBUG USP.Areas.System.Controllers.OperatorController
2016-05-27 13:36:07,273 DEBUG USP.Areas.System.Controllers.OperatorController
2016-05-27 13:36:07,736 DEBUG USP.Areas.System.Controllers.OperatorController
2016-05-27 13:36:12,755 DEBUG USP.Areas.System.Controllers.OperatorController
2016-05-27 13:36:13,344 DEBUG USP.Areas.System.Controllers.OperatorController
2016-05-27 13:36:20,667 DEBUG USP.Controllers.UserController
2016-05-27 13:36:46,634 DEBUG USP.Areas.System.Controllers.OperatorController
2016-05-27 13:47:16,104 DEBUG USP.Controllers.UserController
2016-05-27 13:47:16,115 DEBUG USP.Controllers.UserController
2016-05-27 13:47:16,134 DEBUG USP.Controllers.UserController
2016-05-27 13:47:16,135 DEBUG USP.Controllers.UserController
2016-05-27 13:47:16,161 DEBUG USP.Controllers.UserController
2016-05-27 13:47:16,169 DEBUG USP.Controllers.UserController
2016-05-27 13:47:16,647 DEBUG USP.Controllers.UserController
2016-05-27 13:47:17,124 DEBUG USP.Controllers.UserController
2016-05-27 13:47:17,583 DEBUG USP.Areas.System.Controllers.OperatorController
2016-05-27 13:47:17,704 DEBUG USP.Controllers.UserController
2016-05-27 13:47:18,197 DEBUG USP.Controllers.UserController
2016-05-27 13:47:20,688 DEBUG USP.Controllers.UserController
2016-05-27 13:48:20,688 DEBUG USP.Controllers.UserController
2016-05-27 13:49:20,692 DEBUG USP.Controllers.UserController
2016-05-27 13:50:20,694 DEBUG USP.Controllers.UserController
2016-05-27 13:51:20,128 DEBUG USP.Controllers.UserController
2016-05-27 13:52:20,133 DEBUG USP.Controllers.UserController
2016-05-27 13:53:20,699 DEBUG USP.Controllers.UserController
2016-05-27 14:33:24,114 DEBUG USP.Controllers.HomeController
2016-05-27 14:33:24,115 DEBUG USP.Controllers.HomeController
2016-05-27 14:33:24,542 DEBUG USP.Controllers.UserController
2016-05-27 14:33:27,721 DEBUG USP.Controllers.CaptchaController
2016-05-27 14:33:38,509 DEBUG USP.Controllers.UserController
2016-05-27 14:33:41,442 DEBUG USP.Controllers.HomeController
2016-05-27 14:33:41,958 DEBUG USP.Controllers.OEMController
2016-05-27 14:33:42,310 DEBUG USP.Controllers.OEMController
2016-05-27 14:33:42,351 DEBUG USP.Controllers.OEMController
2016-05-27 14:33:47,106 DEBUG USP.Areas.System.Controllers.OperatorController
2016-05-27 14:33:47,886 DEBUG USP.Areas.System.Controllers.OperatorController
2016-05-27 14:33:48,012 DEBUG USP.Areas.System.Controllers.OperatorController
2016-05-27 14:33:52,492 DEBUG USP.Areas.System.Controllers.RoleController
2016-05-27 14:34:06,090 DEBUG USP.Areas.System.Controllers.OperatorController
2016-05-27 14:34:06,919 DEBUG USP.Areas.System.Controllers.RoleController
2016-05-27 14:34:07,143 DEBUG USP.Areas.System.Controllers.OperatorController
2016-05-27 14:34:09,196 DEBUG USP.Areas.System.Controllers.RoleController
2016-05-27 14:34:09,624 DEBUG USP.Areas.System.Controllers.RoleController
2016-05-27 14:34:18,413 DEBUG USP.Areas.System.Controllers.OperatorController
2016-05-27 14:34:25,423 DEBUG USP.Areas.System.Controllers.OperatorController
2016-05-27 14:34:35,633 DEBUG USP.Areas.System.Controllers.OperatorController
2016-05-27 14:34:36,885 DEBUG USP.Areas.System.Controllers.OperatorController
2016-05-27 14:34:37,506 DEBUG USP.Areas.System.Controllers.OperatorController
2016-05-27 14:34:38,022 DEBUG USP.Areas.System.Controllers.OperatorController
2016-05-27 14:34:42,444 DEBUG USP.Controllers.UserController
2016-05-27 14:35:42,441 DEBUG USP.Controllers.UserController
2016-05-27 14:36:42,443 DEBUG USP.Controllers.UserController
2016-05-27 14:37:42,445 DEBUG USP.Controllers.UserController
2016-05-27 14:38:42,449 DEBUG USP.Controllers.UserController
2016-05-27 14:39:42,449 DEBUG USP.Controllers.UserController
2016-05-27 14:40:42,451 DEBUG USP.Controllers.UserController
2016-05-27 14:41:42,453 DEBUG USP.Controllers.UserController
2016-05-27 14:42:42,455 DEBUG USP.Controllers.UserController
2016-05-27 14:43:42,457 DEBUG USP.Controllers.UserController
2016-05-27 14:44:42,458 DEBUG USP.Controllers.UserController
2016-05-27 14:45:42,461 DEBUG USP.Controllers.UserController
2016-05-27 14:46:42,463 DEBUG USP.Controllers.UserController
2016-05-27 14:47:42,976 DEBUG USP.Controllers.UserController
2016-05-27 14:48:42,459 DEBUG USP.Controllers.UserController
2016-05-27 14:49:42,474 DEBUG USP.Controllers.UserController
2016-05-27 14:50:42,462 DEBUG USP.Controllers.UserController
2016-05-27 14:51:42,476 DEBUG USP.Controllers.UserController
2016-05-27 14:52:42,478 DEBUG USP.Controllers.UserController
2016-05-27 14:53:42,482 DEBUG USP.Controllers.UserController
2016-05-27 14:54:42,475 DEBUG USP.Controllers.UserController
2016-05-27 14:55:42,473 DEBUG USP.Controllers.UserController
2016-05-27 14:56:27,753 DEBUG USP.Controllers.UserController
2016-05-27 14:56:28,046 DEBUG USP.Controllers.UserController
2016-05-27 14:56:31,030 DEBUG USP.Controllers.UserController
2016-05-27 14:56:31,054 DEBUG USP.Controllers.UserController
2016-05-27 14:56:31,625 DEBUG USP.Controllers.CaptchaController
2016-05-27 14:56:36,370 DEBUG USP.Controllers.UserController
2016-05-27 14:56:40,057 DEBUG USP.Controllers.HomeController
2016-05-27 14:56:41,008 DEBUG USP.Controllers.OEMController
2016-05-27 14:56:41,832 DEBUG USP.Controllers.OEMController
2016-05-27 14:56:56,098 DEBUG USP.Areas.System.Controllers.OperatorController
2016-05-27 14:56:57,934 DEBUG USP.Areas.System.Controllers.OperatorController
2016-05-27 14:56:58,479 DEBUG USP.Areas.System.Controllers.OperatorController
2016-05-27 14:57:03,433 DEBUG USP.Areas.System.Controllers.OperatorController
2016-05-27 14:57:04,099 DEBUG USP.Areas.System.Controllers.OperatorController
2016-05-27 14:57:51,851 DEBUG USP.Areas.System.Controllers.OperatorController
2016-05-27 15:00:13,481 DEBUG USP.Controllers.UserController
2016-05-27 15:00:14,055 DEBUG USP.Controllers.UserController
2016-05-27 15:00:14,325 DEBUG USP.Areas.System.Controllers.OperatorController
2016-05-27 15:00:16,758 DEBUG USP.Controllers.UserController
2016-05-27 15:00:22,461 DEBUG USP.Areas.System.Controllers.OperatorController
2016-05-27 15:07:46,058 DEBUG USP.Controllers.UserController
2016-05-27 15:07:46,098 DEBUG USP.Controllers.UserController
2016-05-27 15:07:46,102 DEBUG USP.Controllers.UserController
2016-05-27 15:07:46,124 DEBUG USP.Controllers.UserController
2016-05-27 15:07:46,624 DEBUG USP.Controllers.UserController
2016-05-27 15:07:47,094 DEBUG USP.Controllers.UserController
2016-05-27 15:07:47,597 DEBUG USP.Controllers.UserController
2016-05-27 15:07:48,097 DEBUG USP.Controllers.UserController
2016-05-27 15:07:48,427 DEBUG USP.Areas.System.Controllers.OperatorController
2016-05-27 15:07:53,936 DEBUG USP.Areas.System.Controllers.OperatorController
2016-05-27 15:08:08,125 DEBUG USP.Areas.System.Controllers.OperatorController
2016-05-27 15:08:09,372 DEBUG USP.Areas.System.Controllers.OperatorController
2016-05-27 15:08:15,937 DEBUG USP.Areas.System.Controllers.OperatorController
2016-05-27 15:08:21,356 DEBUG USP.Areas.System.Controllers.OperatorController
2016-05-27 15:08:22,147 DEBUG USP.Areas.System.Controllers.OperatorController
2016-05-27 15:08:30,571 DEBUG USP.Areas.System.Controllers.OperatorController
2016-05-27 15:08:34,818 DEBUG USP.Areas.System.Controllers.OperatorController
2016-05-27 15:08:35,518 DEBUG USP.Areas.System.Controllers.OperatorController
2016-05-27 15:08:35,545 DEBUG USP.Areas.System.Controllers.OperatorController
2016-05-27 15:08:38,692 DEBUG USP.Areas.System.Controllers.OperatorController
2016-05-27 15:08:39,232 DEBUG USP.Areas.System.Controllers.OperatorController
2016-05-27 15:08:41,338 DEBUG USP.Controllers.UserController
2016-05-27 15:08:42,023 DEBUG USP.Areas.System.Controllers.OperatorController
2016-05-27 15:08:47,475 DEBUG USP.Areas.System.Controllers.OperatorController
2016-05-27 15:08:47,540 DEBUG USP.Areas.System.Controllers.OperatorController
2016-05-27 15:08:48,230 DEBUG USP.Areas.System.Controllers.OperatorController
2016-05-27 15:08:48,252 DEBUG USP.Areas.System.Controllers.OperatorController
2016-05-27 15:08:57,736 DEBUG USP.Areas.System.Controllers.OperatorController
2016-05-27 15:08:58,279 DEBUG USP.Areas.System.Controllers.OperatorController
2016-05-27 15:09:01,283 DEBUG USP.Areas.System.Controllers.OperatorController
2016-05-27 15:09:03,295 DEBUG USP.Areas.System.Controllers.OperatorController
2016-05-27 15:09:03,454 DEBUG USP.Areas.System.Controllers.OperatorController
2016-05-27 15:09:04,073 DEBUG USP.Areas.System.Controllers.OperatorController
2016-05-27 15:09:04,113 DEBUG USP.Areas.System.Controllers.OperatorController
2016-05-27 15:09:38,820 DEBUG USP.Areas.System.Controllers.OperatorController
2016-05-27 15:09:39,434 DEBUG USP.Areas.System.Controllers.OperatorController
2016-05-27 15:09:41,344 DEBUG USP.Controllers.UserController
2016-05-27 15:09:49,915 DEBUG USP.Areas.System.Controllers.OperatorController
2016-05-27 15:09:50,505 DEBUG USP.Areas.System.Controllers.OperatorController
2016-05-27 15:09:50,531 DEBUG USP.Areas.System.Controllers.OperatorController
2016-05-27 15:09:53,540 DEBUG USP.Areas.System.Controllers.OperatorController
2016-05-27 15:09:54,007 DEBUG USP.Areas.System.Controllers.OperatorController
2016-05-27 15:09:58,175 DEBUG USP.Areas.System.Controllers.OperatorController
2016-05-27 15:09:58,734 DEBUG USP.Areas.System.Controllers.OperatorController
2016-05-27 15:09:59,429 DEBUG USP.Areas.System.Controllers.OperatorController
2016-05-27 15:09:59,726 DEBUG USP.Areas.System.Controllers.OperatorController
2016-05-27 15:10:00,260 DEBUG USP.Areas.System.Controllers.OperatorController
2016-05-27 15:10:04,176 DEBUG USP.Areas.System.Controllers.OperatorController
2016-05-27 15:10:04,707 DEBUG USP.Areas.System.Controllers.OperatorController
2016-05-27 15:10:04,727 DEBUG USP.Areas.System.Controllers.OperatorController
2016-05-27 15:10:07,133 DEBUG USP.Areas.System.Controllers.OperatorController
2016-05-27 15:10:07,571 DEBUG USP.Areas.System.Controllers.OperatorController
2016-05-27 15:10:41,841 DEBUG USP.Controllers.UserController
2016-05-27 15:11:38,306 DEBUG USP.Areas.System.Controllers.OperatorController
2016-05-27 15:11:39,090 DEBUG USP.Areas.System.Controllers.OperatorController
2016-05-27 15:11:39,111 DEBUG USP.Areas.System.Controllers.OperatorController
2016-05-27 15:11:41,342 DEBUG USP.Controllers.UserController
2016-05-27 15:12:41,347 DEBUG USP.Controllers.UserController
2016-05-27 15:13:41,349 DEBUG USP.Controllers.UserController
2016-05-27 15:14:41,348 DEBUG USP.Controllers.UserController
2016-05-27 15:15:41,353 DEBUG USP.Controllers.UserController
2016-05-27 15:16:41,361 DEBUG USP.Controllers.UserController
2016-05-27 15:17:41,363 DEBUG USP.Controllers.UserController
2016-05-27 15:18:41,354 DEBUG USP.Controllers.UserController
2016-05-27 15:19:41,359 DEBUG USP.Controllers.UserController
2016-05-27 15:20:41,361 DEBUG USP.Controllers.UserController
2016-05-27 15:21:41,385 DEBUG USP.Controllers.UserController
2016-05-27 15:22:32,342 DEBUG USP.Controllers.HomeController
2016-05-27 15:22:32,530 DEBUG USP.Controllers.UserController
2016-05-27 15:22:38,738 DEBUG USP.Controllers.CaptchaController
2016-05-27 15:22:43,737 DEBUG USP.Controllers.UserController
2016-05-27 15:22:50,162 DEBUG USP.Controllers.HomeController
2016-05-27 15:22:51,074 DEBUG USP.Controllers.OEMController
2016-05-27 15:22:51,811 DEBUG USP.Controllers.OEMController
2016-05-27 15:22:51,843 DEBUG USP.Controllers.OEMController
2016-05-27 15:22:56,511 DEBUG USP.Areas.System.Controllers.CorporationController
2016-05-27 15:22:59,130 DEBUG USP.Areas.System.Controllers.CorporationController
2016-05-27 15:23:00,733 DEBUG USP.Areas.System.Controllers.CorporationController
2016-05-27 15:23:02,326 DEBUG USP.Areas.System.Controllers.OperatorController
2016-05-27 15:23:03,538 DEBUG USP.Areas.System.Controllers.OperatorController
2016-05-27 15:23:04,269 DEBUG USP.Areas.System.Controllers.OperatorController
2016-05-27 15:23:08,425 DEBUG USP.Areas.System.Controllers.OperatorController
2016-05-27 15:23:09,064 DEBUG USP.Areas.System.Controllers.OperatorController
2016-05-27 15:23:47,247 DEBUG USP.Areas.System.Controllers.OperatorController
2016-05-27 15:23:47,511 DEBUG USP.Areas.System.Controllers.OperatorController
2016-05-27 15:23:48,088 DEBUG USP.Areas.System.Controllers.OperatorController
2016-05-27 15:23:48,110 DEBUG USP.Areas.System.Controllers.OperatorController
2016-05-27 15:23:51,461 DEBUG USP.Controllers.UserController
2016-05-27 15:24:04,024 DEBUG USP.Areas.System.Controllers.OperatorController
2016-05-27 15:24:04,594 DEBUG USP.Areas.System.Controllers.OperatorController
2016-05-27 15:24:19,434 DEBUG USP.Areas.System.Controllers.OperatorController
2016-05-27 15:24:28,627 DEBUG USP.Areas.System.Controllers.OperatorController
2016-05-27 15:24:29,321 DEBUG USP.Areas.System.Controllers.OperatorController
2016-05-27 15:24:29,838 DEBUG USP.Areas.System.Controllers.OperatorController
2016-05-27 15:24:34,436 DEBUG USP.Areas.System.Controllers.OperatorController
2016-05-27 15:24:34,908 DEBUG USP.Areas.System.Controllers.OperatorController
2016-05-27 15:24:41,287 DEBUG USP.Areas.System.Controllers.BankController
2016-05-27 15:24:42,315 DEBUG USP.Areas.System.Controllers.OperatorController
2016-05-27 15:24:42,576 DEBUG USP.Areas.System.Controllers.BankController
2016-05-27 15:24:43,088 DEBUG USP.Areas.System.Controllers.BankController
2016-05-27 15:24:43,194 DEBUG USP.Areas.System.Controllers.OperatorController
2016-05-27 15:24:43,218 DEBUG USP.Areas.System.Controllers.OperatorController
2016-05-27 15:24:45,628 DEBUG USP.Areas.System.Controllers.OperatorController
2016-05-27 15:24:46,068 DEBUG USP.Areas.System.Controllers.OperatorController
2016-05-27 15:24:51,464 DEBUG USP.Controllers.UserController
2016-05-27 15:24:56,621 DEBUG USP.Areas.System.Controllers.OperatorController
2016-05-27 15:24:57,949 DEBUG USP.Areas.System.Controllers.OperatorController
2016-05-27 15:24:58,476 DEBUG USP.Areas.System.Controllers.OperatorController
2016-05-27 15:24:58,491 DEBUG USP.Areas.System.Controllers.OperatorController
2016-05-27 15:25:06,599 DEBUG USP.Areas.System.Controllers.OperatorController
2016-05-27 15:25:07,139 DEBUG USP.Areas.System.Controllers.OperatorController
2016-05-27 15:25:07,158 DEBUG USP.Areas.System.Controllers.OperatorController
2016-05-27 15:25:10,900 DEBUG USP.Areas.System.Controllers.OperatorController
2016-05-27 15:25:11,407 DEBUG USP.Areas.System.Controllers.OperatorController
2016-05-27 15:25:19,460 DEBUG USP.Areas.System.Controllers.OperatorController
2016-05-27 15:25:19,594 DEBUG USP.Areas.System.Controllers.OperatorController
2016-05-27 15:25:20,138 DEBUG USP.Areas.System.Controllers.OperatorController
2016-05-27 15:25:20,158 DEBUG USP.Areas.System.Controllers.OperatorController
2016-05-27 15:25:34,717 DEBUG USP.Areas.System.Controllers.OperatorController
2016-05-27 15:25:35,234 DEBUG USP.Areas.System.Controllers.OperatorController
2016-05-27 15:25:43,393 DEBUG USP.Areas.System.Controllers.OperatorController
2016-05-27 15:25:43,633 DEBUG USP.Areas.System.Controllers.OperatorController
2016-05-27 15:25:44,220 DEBUG USP.Areas.System.Controllers.OperatorController
2016-05-27 15:25:44,239 DEBUG USP.Areas.System.Controllers.OperatorController
2016-05-27 15:25:51,498 DEBUG USP.Controllers.UserController
2016-05-27 15:26:20,280 DEBUG USP.Areas.System.Controllers.OperatorController
2016-05-27 15:26:21,147 DEBUG USP.Areas.System.Controllers.OperatorController
2016-05-27 15:26:32,656 DEBUG USP.Areas.System.Controllers.OperatorController
2016-05-27 15:27:38,787 DEBUG USP.Areas.System.Controllers.OperatorController
2016-05-27 15:27:39,462 DEBUG USP.Controllers.UserController
2016-05-27 15:27:40,027 DEBUG USP.Areas.System.Controllers.OperatorController
2016-05-27 15:27:40,981 DEBUG USP.Areas.System.Controllers.OperatorController
2016-05-27 15:27:51,466 DEBUG USP.Controllers.UserController
2016-05-27 15:28:08,749 DEBUG USP.Areas.System.Controllers.OperatorController
2016-05-27 15:28:09,433 DEBUG USP.Areas.System.Controllers.OperatorController
2016-05-27 15:28:14,832 DEBUG USP.Areas.System.Controllers.OperatorController
2016-05-27 15:41:56,862 DEBUG USP.Controllers.UserController
2016-05-27 15:41:56,967 DEBUG USP.Controllers.UserController
2016-05-27 15:41:56,994 DEBUG USP.Controllers.UserController
2016-05-27 15:41:57,001 DEBUG USP.Controllers.UserController
2016-05-27 15:41:57,006 DEBUG USP.Controllers.UserController
2016-05-27 15:41:57,012 DEBUG USP.Controllers.UserController
2016-05-27 15:41:57,016 DEBUG USP.Controllers.UserController
2016-05-27 15:41:57,022 DEBUG USP.Controllers.UserController
2016-05-27 15:41:57,041 DEBUG USP.Controllers.UserController
2016-05-27 15:41:57,288 DEBUG USP.Controllers.UserController
2016-05-27 15:41:57,796 DEBUG USP.Controllers.UserController
2016-05-27 15:41:58,309 DEBUG USP.Controllers.UserController
2016-05-27 15:41:58,823 DEBUG USP.Controllers.UserController
2016-05-27 15:41:59,323 DEBUG USP.Controllers.UserController
2016-05-27 15:41:59,517 DEBUG USP.Areas.System.Controllers.OperatorController
2016-05-27 15:42:51,497 DEBUG USP.Controllers.UserController
2016-05-27 15:43:51,502 DEBUG USP.Controllers.UserController
2016-05-27 15:44:51,500 DEBUG USP.Controllers.UserController
2016-05-27 15:45:51,506 DEBUG USP.Controllers.UserController
2016-05-27 15:46:51,507 DEBUG USP.Controllers.UserController
2016-05-27 15:48:06,079 DEBUG USP.Controllers.UserController
2016-05-27 15:48:51,503 DEBUG USP.Controllers.UserController
2016-05-27 15:49:51,514 DEBUG USP.Controllers.UserController
2016-05-27 15:50:51,517 DEBUG USP.Controllers.UserController
2016-05-27 15:51:51,513 DEBUG USP.Controllers.UserController
2016-05-27 15:56:25,172 DEBUG USP.Controllers.UserController
2016-05-27 15:56:25,453 DEBUG USP.Controllers.UserController
2016-05-27 15:56:29,221 DEBUG USP.Controllers.CaptchaController
2016-05-27 15:56:33,176 DEBUG USP.Controllers.UserController
2016-05-27 15:56:36,961 DEBUG USP.Controllers.HomeController
2016-05-27 15:56:37,842 DEBUG USP.Controllers.OEMController
2016-05-27 15:56:38,653 DEBUG USP.Controllers.OEMController
2016-05-27 15:56:39,165 DEBUG USP.Controllers.OEMController
2016-05-27 15:56:40,747 DEBUG USP.Areas.System.Controllers.CorporationController
2016-05-27 15:56:43,297 DEBUG USP.Areas.System.Controllers.CorporationController
2016-05-27 15:56:43,833 DEBUG USP.Areas.System.Controllers.CorporationController
2016-05-27 15:56:46,241 DEBUG USP.Areas.System.Controllers.RoleController
2016-05-27 15:56:47,779 DEBUG USP.Areas.System.Controllers.RoleController
2016-05-27 15:56:48,750 DEBUG USP.Areas.System.Controllers.OperatorController
2016-05-27 15:56:49,632 DEBUG USP.Areas.System.Controllers.OperatorController
2016-05-27 15:56:49,680 DEBUG USP.Areas.System.Controllers.OperatorController
2016-05-27 15:56:54,263 DEBUG USP.Areas.System.Controllers.OperatorController
2016-05-27 15:56:54,798 DEBUG USP.Areas.System.Controllers.OperatorController
2016-05-27 15:57:09,644 DEBUG USP.Areas.System.Controllers.OperatorController
2016-05-27 15:57:10,347 DEBUG USP.Areas.System.Controllers.OperatorController
2016-05-27 15:57:18,902 DEBUG USP.Areas.System.Controllers.OperatorController
2016-05-27 15:57:20,608 DEBUG USP.Areas.System.Controllers.OperatorController
2016-05-27 15:57:21,176 DEBUG USP.Areas.System.Controllers.OperatorController
2016-05-27 15:57:36,436 DEBUG USP.Areas.System.Controllers.OperatorController
2016-05-27 15:57:37,037 DEBUG USP.Areas.System.Controllers.OperatorController
2016-05-27 15:57:38,134 DEBUG USP.Controllers.UserController
2016-05-27 15:57:41,928 DEBUG USP.Areas.System.Controllers.OperatorController
2016-05-27 15:57:42,470 DEBUG USP.Areas.System.Controllers.OperatorController
2016-05-27 15:57:42,491 DEBUG USP.Areas.System.Controllers.OperatorController
2016-05-27 15:57:56,474 DEBUG USP.Areas.System.Controllers.OperatorController
2016-05-27 15:57:59,190 DEBUG USP.Areas.System.Controllers.OperatorController
2016-05-27 15:58:38,134 DEBUG USP.Controllers.UserController
2016-05-27 15:59:38,139 DEBUG USP.Controllers.UserController
2016-05-27 16:00:38,138 DEBUG USP.Controllers.UserController
2016-05-27 16:01:38,139 DEBUG USP.Controllers.UserController
2016-05-27 16:02:38,141 DEBUG USP.Controllers.UserController
2016-05-27 16:03:38,143 DEBUG USP.Controllers.UserController
2016-05-27 16:04:38,147 DEBUG USP.Controllers.UserController
2016-05-27 16:05:38,148 DEBUG USP.Controllers.UserController
2016-05-27 16:06:38,952 DEBUG USP.Controllers.UserController
2016-05-27 16:07:14,201 DEBUG USP.Controllers.HomeController
2016-05-27 16:07:14,212 DEBUG USP.Controllers.UserController
2016-05-27 16:07:14,931 DEBUG USP.Controllers.CaptchaController
2016-05-27 16:07:22,030 DEBUG USP.Controllers.UserController
2016-05-27 16:07:22,431 DEBUG USP.Controllers.HomeController
2016-05-27 16:07:22,948 DEBUG USP.Controllers.OEMController
2016-05-27 16:07:23,165 DEBUG USP.Controllers.OEMController
2016-05-27 16:07:23,217 DEBUG USP.Controllers.OEMController
2016-05-27 16:07:29,117 DEBUG USP.Areas.System.Controllers.OperatorController
2016-05-27 16:07:30,104 DEBUG USP.Areas.System.Controllers.OperatorController
2016-05-27 16:07:30,133 DEBUG USP.Areas.System.Controllers.OperatorController
2016-05-27 16:07:44,576 DEBUG USP.Areas.System.Controllers.OperatorController
2016-05-27 16:07:46,452 DEBUG USP.Areas.System.Controllers.OperatorController
2016-05-27 16:08:20,561 DEBUG USP.Areas.System.Controllers.OperatorController
2016-05-27 16:08:23,296 DEBUG USP.Controllers.UserController
2016-05-27 16:08:40,230 DEBUG USP.Areas.System.Controllers.OperatorController
2016-05-27 16:08:41,876 DEBUG USP.Areas.System.Controllers.OperatorController
2016-05-27 16:09:23,290 DEBUG USP.Controllers.UserController
2016-05-27 16:10:23,310 DEBUG USP.Controllers.UserController
2016-05-27 16:11:06,448 DEBUG USP.Areas.System.Controllers.OperatorController
2016-05-27 16:11:25,163 DEBUG USP.Controllers.UserController
2016-05-27 16:11:26,745 DEBUG USP.Areas.System.Controllers.OperatorController
2016-05-27 16:11:56,870 DEBUG USP.Controllers.UserController
2016-05-27 16:11:57,054 DEBUG USP.Controllers.UserController
2016-05-27 16:12:00,754 DEBUG USP.Controllers.CaptchaController
2016-05-27 16:12:04,764 DEBUG USP.Controllers.UserController
2016-05-27 16:12:06,209 DEBUG USP.Controllers.HomeController
2016-05-27 16:12:07,565 DEBUG USP.Controllers.OEMController
2016-05-27 16:12:08,354 DEBUG USP.Controllers.OEMController
2016-05-27 16:12:08,411 DEBUG USP.Controllers.OEMController
2016-05-27 16:12:11,228 DEBUG USP.Areas.System.Controllers.CorporationController
2016-05-27 16:12:14,367 DEBUG USP.Areas.System.Controllers.CorporationController
2016-05-27 16:12:14,910 DEBUG USP.Areas.System.Controllers.CorporationController
2016-05-27 16:12:19,791 DEBUG USP.Areas.System.Controllers.OperatorController
2016-05-27 16:12:21,519 DEBUG USP.Areas.System.Controllers.OperatorController
2016-05-27 16:12:21,586 DEBUG USP.Areas.System.Controllers.OperatorController
2016-05-27 16:12:24,137 DEBUG USP.Areas.System.Controllers.OperatorController
2016-05-27 16:12:25,405 DEBUG USP.Areas.System.Controllers.OperatorController
2016-05-27 16:12:30,635 DEBUG USP.Areas.System.Controllers.OperatorController
2016-05-27 16:12:31,819 DEBUG USP.Areas.System.Controllers.OperatorController
2016-05-27 16:12:43,983 DEBUG USP.Areas.System.Controllers.OperatorController
2016-05-27 16:12:44,007 DEBUG USP.Areas.System.Controllers.OperatorController
2016-05-27 16:12:45,391 DEBUG USP.Areas.System.Controllers.OperatorController
2016-05-27 16:12:45,419 DEBUG USP.Areas.System.Controllers.OperatorController
2016-05-27 16:13:08,521 DEBUG USP.Controllers.UserController
2016-05-27 16:13:43,509 DEBUG USP.Areas.System.Controllers.OperatorController
2016-05-27 16:13:44,643 DEBUG USP.Areas.System.Controllers.OperatorController
2016-05-27 16:13:55,643 DEBUG USP.Areas.System.Controllers.OperatorController
2016-05-27 16:14:58,831 DEBUG USP.Controllers.UserController
2016-05-27 16:14:59,359 DEBUG USP.Areas.System.Controllers.OperatorController
2016-05-27 16:15:08,500 DEBUG USP.Controllers.UserController
2016-05-27 16:16:08,520 DEBUG USP.Controllers.UserController
2016-05-27 16:17:08,509 DEBUG USP.Controllers.UserController
2016-05-27 16:18:08,502 DEBUG USP.Controllers.UserController
2016-05-27 16:19:16,175 DEBUG USP.Controllers.UserController
2016-05-27 16:19:31,688 DEBUG USP.Areas.System.Controllers.OperatorController
2016-05-27 16:19:32,038 DEBUG USP.Controllers.UserController
2016-05-27 16:19:36,762 DEBUG USP.Controllers.CaptchaController
2016-05-27 16:19:38,236 DEBUG USP.Controllers.UserController
2016-05-27 16:19:39,666 DEBUG USP.Controllers.CaptchaController
2016-05-27 16:20:12,204 DEBUG USP.Controllers.UserController
2016-05-27 16:20:15,384 DEBUG USP.Controllers.HomeController
2016-05-27 16:20:16,731 DEBUG USP.Controllers.OEMController
2016-05-27 16:20:17,859 DEBUG USP.Controllers.OEMController
2016-05-27 16:20:17,950 DEBUG USP.Controllers.OEMController
2016-05-27 16:20:19,189 DEBUG USP.Areas.System.Controllers.CorporationController
2016-05-27 16:20:22,726 DEBUG USP.Areas.System.Controllers.CorporationController
2016-05-27 16:20:23,287 DEBUG USP.Areas.System.Controllers.CorporationController
2016-05-27 16:20:26,895 DEBUG USP.Areas.System.Controllers.OperatorController
2016-05-27 16:20:28,738 DEBUG USP.Areas.System.Controllers.OperatorController
2016-05-27 16:20:29,324 DEBUG USP.Areas.System.Controllers.OperatorController
2016-05-27 16:20:31,258 DEBUG USP.Areas.System.Controllers.OperatorController
2016-05-27 16:20:32,551 DEBUG USP.Areas.System.Controllers.OperatorController
2016-05-27 16:20:45,426 DEBUG USP.Areas.System.Controllers.OperatorController
2016-05-27 16:20:46,644 DEBUG USP.Areas.System.Controllers.OperatorController
2016-05-27 16:21:17,473 DEBUG USP.Controllers.UserController
2016-05-27 16:22:25,936 DEBUG USP.Controllers.UserController
2016-05-27 16:22:26,147 DEBUG USP.Areas.System.Controllers.OperatorController
2016-05-27 16:22:26,200 DEBUG USP.Controllers.UserController
2016-05-27 16:22:29,319 DEBUG USP.Controllers.CaptchaController
2016-05-27 16:22:31,432 DEBUG USP.Controllers.UserController
2016-05-27 16:22:32,204 DEBUG USP.Controllers.CaptchaController
2016-05-27 16:22:36,930 DEBUG USP.Controllers.UserController
2016-05-27 16:22:37,550 DEBUG USP.Controllers.HomeController
2016-05-27 16:22:39,690 DEBUG USP.Controllers.OEMController
2016-05-27 16:22:40,654 DEBUG USP.Controllers.OEMController
2016-05-27 16:22:40,753 DEBUG USP.Controllers.OEMController
2016-05-27 16:22:43,686 DEBUG USP.Areas.System.Controllers.ChangePasswordController
2016-05-27 16:22:46,284 DEBUG USP.Areas.System.Controllers.OperatorController
2016-05-27 16:22:48,331 DEBUG USP.Areas.System.Controllers.OperatorController
2016-05-27 16:22:49,035 DEBUG USP.Areas.System.Controllers.OperatorController
2016-05-27 16:22:51,088 DEBUG USP.Areas.System.Controllers.OperatorController
2016-05-27 16:22:52,307 DEBUG USP.Areas.System.Controllers.OperatorController
2016-05-27 16:22:54,761 DEBUG USP.Areas.System.Controllers.OperatorController
2016-05-27 16:22:56,193 DEBUG USP.Areas.System.Controllers.OperatorController
2016-05-27 16:22:56,223 DEBUG USP.Areas.System.Controllers.OperatorController
2016-05-27 16:22:59,858 DEBUG USP.Areas.System.Controllers.OperatorController
2016-05-27 16:23:01,002 DEBUG USP.Areas.System.Controllers.OperatorController
2016-05-27 16:23:05,812 DEBUG USP.Areas.System.Controllers.OperatorController
2016-05-27 16:23:05,868 DEBUG USP.Areas.System.Controllers.OperatorController
2016-05-27 16:23:07,183 DEBUG USP.Areas.System.Controllers.OperatorController
2016-05-27 16:23:07,207 DEBUG USP.Areas.System.Controllers.OperatorController
2016-05-27 16:23:17,826 DEBUG USP.Areas.System.Controllers.OperatorController
2016-05-27 16:23:19,036 DEBUG USP.Areas.System.Controllers.OperatorController
2016-05-27 16:23:29,631 DEBUG USP.Areas.System.Controllers.OperatorController
2016-05-27 16:23:30,906 DEBUG USP.Areas.System.Controllers.OperatorController
2016-05-27 16:23:30,939 DEBUG USP.Areas.System.Controllers.OperatorController
2016-05-27 16:23:31,998 DEBUG USP.Areas.System.Controllers.RoleController
2016-05-27 16:23:44,857 DEBUG USP.Controllers.UserController
2016-05-27 16:23:45,773 DEBUG USP.Areas.System.Controllers.RoleController
2016-05-27 16:24:40,269 DEBUG USP.Controllers.UserController
2016-05-27 16:25:40,271 DEBUG USP.Controllers.UserController
2016-05-27 16:26:40,273 DEBUG USP.Controllers.UserController
2016-05-27 16:27:40,275 DEBUG USP.Controllers.UserController
2016-05-27 16:28:40,278 DEBUG USP.Controllers.UserController
2016-05-27 16:29:01,702 DEBUG USP.Areas.System.Controllers.RoleController
2016-05-27 16:29:02,830 DEBUG USP.Areas.System.Controllers.RoleController
2016-05-27 16:29:40,999 DEBUG USP.Controllers.UserController
2016-05-27 16:30:40,999 DEBUG USP.Controllers.UserController
2016-05-27 16:30:53,576 DEBUG USP.Areas.System.Controllers.RoleController
2016-05-27 16:30:54,090 DEBUG USP.Areas.System.Controllers.RoleController
2016-05-27 16:30:55,528 DEBUG USP.Areas.System.Controllers.RoleController
2016-05-27 16:31:40,287 DEBUG USP.Controllers.UserController
2016-05-27 16:32:41,001 DEBUG USP.Controllers.UserController
2016-05-27 16:33:19,436 DEBUG USP.Areas.System.Controllers.OperatorController
2016-05-27 16:33:20,294 DEBUG USP.Areas.System.Controllers.OperatorController
2016-05-27 16:33:27,037 DEBUG USP.Areas.System.Controllers.OperatorController
2016-05-27 16:33:27,117 DEBUG USP.Areas.System.Controllers.OperatorController
2016-05-27 16:33:27,856 DEBUG USP.Areas.System.Controllers.OperatorController
2016-05-27 16:33:27,880 DEBUG USP.Areas.System.Controllers.OperatorController
2016-05-27 16:33:31,777 DEBUG USP.Areas.System.Controllers.MenuController
2016-05-27 16:33:33,842 DEBUG USP.Areas.System.Controllers.MenuController
2016-05-27 16:33:34,541 DEBUG USP.Areas.System.Controllers.PrivilegeController
2016-05-27 16:33:35,563 DEBUG USP.Areas.System.Controllers.PrivilegeController
2016-05-27 16:33:36,269 DEBUG USP.Areas.System.Controllers.PrivilegeController
2016-05-27 16:33:38,272 DEBUG USP.Areas.System.Controllers.PrivilegeController
2016-05-27 16:33:39,274 DEBUG USP.Areas.System.Controllers.PrivilegeController
2016-05-27 16:33:40,288 DEBUG USP.Controllers.UserController
2016-05-27 16:33:41,555 DEBUG USP.Areas.System.Controllers.PrivilegeController
2016-05-27 16:33:42,154 DEBUG USP.Areas.System.Controllers.PrivilegeController
2016-05-27 16:33:46,866 DEBUG USP.Areas.System.Controllers.PrivilegeController
2016-05-27 16:33:47,378 DEBUG USP.Areas.System.Controllers.PrivilegeController
2016-05-27 16:34:40,288 DEBUG USP.Controllers.UserController
2016-05-27 16:35:41,007 DEBUG USP.Controllers.UserController
2016-05-27 16:36:40,986 DEBUG USP.Controllers.UserController
2016-05-27 16:37:40,944 DEBUG USP.Controllers.UserController
2016-05-27 16:38:40,943 DEBUG USP.Controllers.UserController
2016-05-27 16:39:40,946 DEBUG USP.Controllers.UserController
2016-05-27 16:40:40,948 DEBUG USP.Controllers.UserController
2016-05-27 16:41:49,538 DEBUG USP.Controllers.UserController
2016-05-27 16:42:40,952 DEBUG USP.Controllers.UserController
2016-05-27 16:43:40,953 DEBUG USP.Controllers.UserController
2016-05-27 16:44:40,955 DEBUG USP.Controllers.UserController
